TN:
SF:common/dto/address.dto.ts
FNF:0
FNH:0
DA:1,0
DA:3,0
DA:5,0
DA:8,0
DA:11,0
DA:17,0
DA:21,0
LF:7
LH:0
BRF:0
BRH:0
end_of_record
TN:
SF:common/dto/product-request.dto.ts
FNF:0
FNH:0
DA:1,0
DA:3,0
DA:6,0
DA:10,0
LF:4
LH:0
BRF:0
BRH:0
end_of_record
TN:
SF:common/enums/shipping-status.enum.ts
FN:1,(anonymous_0)
FNF:1
FNH:0
FNDA:0,(anonymous_0)
DA:1,0
DA:2,0
DA:3,0
DA:4,0
DA:5,0
DA:6,0
DA:7,0
DA:8,0
LF:8
LH:0
BRDA:1,0,0,0
BRDA:1,0,1,0
BRF:2
BRH:0
end_of_record
TN:
SF:common/enums/transport-type.enum.ts
FN:1,(anonymous_0)
FNF:1
FNH:0
FNDA:0,(anonymous_0)
DA:1,0
DA:2,0
DA:3,0
DA:4,0
DA:5,0
LF:5
LH:0
BRDA:1,0,0,0
BRDA:1,0,1,0
BRF:2
BRH:0
end_of_record
TN:
SF:common/services/mock-data.service 2.ts
FN:129,(anonymous_1)
FN:130,(anonymous_2)
FN:136,(anonymous_3)
FN:153,(anonymous_4)
FN:186,(anonymous_5)
FN:196,(anonymous_6)
FN:213,(anonymous_7)
FN:220,(anonymous_8)
FN:222,(anonymous_9)
FN:224,(anonymous_10)
FN:247,(anonymous_11)
FN:249,(anonymous_12)
FN:274,(anonymous_13)
FNF:13
FNH:0
FNDA:0,(anonymous_1)
FNDA:0,(anonymous_2)
FNDA:0,(anonymous_3)
FNDA:0,(anonymous_4)
FNDA:0,(anonymous_5)
FNDA:0,(anonymous_6)
FNDA:0,(anonymous_7)
FNDA:0,(anonymous_8)
FNDA:0,(anonymous_9)
FNDA:0,(anonymous_10)
FNDA:0,(anonymous_11)
FNDA:0,(anonymous_12)
FNDA:0,(anonymous_13)
DA:1,0
DA:4,0
DA:7,0
DA:71,0
DA:108,0
DA:130,0
DA:137,0
DA:138,0
DA:139,0
DA:142,0
DA:143,0
DA:144,0
DA:147,0
DA:158,0
DA:160,0
DA:161,0
DA:162,0
DA:164,0
DA:167,0
DA:168,0
DA:170,0
DA:172,0
DA:187,0
DA:188,0
DA:189,0
DA:190,0
DA:200,0
DA:206,0
DA:207,0
DA:214,0
DA:222,0
DA:224,0
DA:225,0
DA:226,0
DA:227,0
DA:234,0
DA:249,0
DA:252,0
DA:253,0
DA:255,0
DA:257,0
DA:276,0
DA:289,0
DA:290,0
LF:44
LH:0
BRDA:138,0,0,0
BRDA:138,0,1,0
BRDA:143,1,0,0
BRDA:143,1,1,0
BRDA:226,2,0,0
BRDA:226,2,1,0
BRDA:290,3,0,0
BRDA:290,3,1,0
BRF:8
BRH:0
end_of_record
TN:
SF:common/services/mock-data.service.ts
FN:129,(anonymous_1)
FN:130,(anonymous_2)
FN:136,(anonymous_3)
FN:153,(anonymous_4)
FN:186,(anonymous_5)
FN:196,(anonymous_6)
FN:213,(anonymous_7)
FN:220,(anonymous_8)
FN:222,(anonymous_9)
FN:224,(anonymous_10)
FN:247,(anonymous_11)
FN:249,(anonymous_12)
FN:274,(anonymous_13)
FNF:13
FNH:0
FNDA:0,(anonymous_1)
FNDA:0,(anonymous_2)
FNDA:0,(anonymous_3)
FNDA:0,(anonymous_4)
FNDA:0,(anonymous_5)
FNDA:0,(anonymous_6)
FNDA:0,(anonymous_7)
FNDA:0,(anonymous_8)
FNDA:0,(anonymous_9)
FNDA:0,(anonymous_10)
FNDA:0,(anonymous_11)
FNDA:0,(anonymous_12)
FNDA:0,(anonymous_13)
DA:1,0
DA:4,0
DA:7,0
DA:71,0
DA:108,0
DA:130,0
DA:137,0
DA:138,0
DA:139,0
DA:142,0
DA:143,0
DA:144,0
DA:147,0
DA:158,0
DA:160,0
DA:161,0
DA:162,0
DA:164,0
DA:167,0
DA:168,0
DA:170,0
DA:172,0
DA:187,0
DA:188,0
DA:189,0
DA:190,0
DA:200,0
DA:206,0
DA:207,0
DA:214,0
DA:222,0
DA:224,0
DA:225,0
DA:226,0
DA:227,0
DA:234,0
DA:249,0
DA:252,0
DA:253,0
DA:255,0
DA:257,0
DA:276,0
DA:289,0
DA:290,0
LF:44
LH:0
BRDA:138,0,0,0
BRDA:138,0,1,0
BRDA:143,1,0,0
BRDA:143,1,1,0
BRDA:226,2,0,0
BRDA:226,2,1,0
BRDA:290,3,0,0
BRDA:290,3,1,0
BRF:8
BRH:0
end_of_record
TN:
SF:config/config.module.ts
FNF:0
FNH:0
DA:1,0
DA:2,0
DA:3,0
DA:4,0
DA:5,0
DA:6,0
DA:14,0
LF:7
LH:0
BRF:0
BRH:0
end_of_record
TN:
SF:config/coverage-zone.controller.ts
FN:12,(anonymous_4)
FN:21,(anonymous_5)
FN:32,(anonymous_6)
FN:48,(anonymous_7)
FN:64,(anonymous_8)
FNF:5
FNH:0
FNDA:0,(anonymous_4)
FNDA:0,(anonymous_5)
FNDA:0,(anonymous_6)
FNDA:0,(anonymous_7)
FNDA:0,(anonymous_8)
DA:1,0
DA:2,0
DA:3,0
DA:4,0
DA:5,0
DA:9,0
DA:10,0
DA:12,0
DA:21,0
DA:22,0
DA:23,0
DA:32,0
DA:33,0
DA:34,0
DA:48,0
DA:49,0
DA:50,0
DA:64,0
DA:68,0
DA:69,0
LF:20
LH:0
BRDA:21,0,0,0
BRDA:21,0,1,0
BRDA:21,1,0,0
BRDA:21,1,1,0
BRDA:66,2,0,0
BRDA:66,2,1,0
BRDA:66,3,0,0
BRDA:66,3,1,0
BRDA:12,4,0,0
BRDA:12,4,1,0
BRDA:12,5,0,0
BRDA:12,5,1,0
BRF:12
BRH:0
end_of_record
TN:
SF:config/transport-method.controller.ts
FN:12,(anonymous_4)
FN:25,(anonymous_5)
FN:36,(anonymous_6)
FN:52,(anonymous_7)
FN:68,(anonymous_8)
FNF:5
FNH:0
FNDA:0,(anonymous_4)
FNDA:0,(anonymous_5)
FNDA:0,(anonymous_6)
FNDA:0,(anonymous_7)
FNDA:0,(anonymous_8)
DA:1,0
DA:2,0
DA:3,0
DA:4,0
DA:5,0
DA:9,0
DA:10,0
DA:12,0
DA:25,0
DA:26,0
DA:27,0
DA:36,0
DA:37,0
DA:38,0
DA:52,0
DA:53,0
DA:54,0
DA:68,0
DA:72,0
DA:73,0
LF:20
LH:0
BRDA:25,0,0,0
BRDA:25,0,1,0
BRDA:25,1,0,0
BRDA:25,1,1,0
BRDA:70,2,0,0
BRDA:70,2,1,0
BRDA:70,3,0,0
BRDA:70,3,1,0
BRDA:12,4,0,0
BRDA:12,4,1,0
BRDA:12,5,0,0
BRDA:12,5,1,0
BRF:12
BRH:0
end_of_record
TN:
SF:config/dto/create-coverage-zone.dto.ts
FNF:0
FNH:0
DA:1,0
DA:2,0
DA:4,0
DA:12,0
DA:20,0
DA:30,0
DA:39,0
LF:7
LH:0
BRF:0
BRH:0
end_of_record
TN:
SF:config/dto/create-transport-method.dto.ts
FNF:0
FNH:0
DA:1,0
DA:2,0
DA:4,0
DA:13,0
DA:22,0
DA:30,0
DA:38,0
DA:46,0
DA:54,0
DA:62,0
DA:71,0
LF:11
LH:0
BRF:0
BRH:0
end_of_record
TN:
SF:config/dto/update-coverage-zone.dto.ts
FNF:0
FNH:0
DA:1,0
DA:2,0
DA:4,0
LF:3
LH:0
BRF:0
BRH:0
end_of_record
TN:
SF:config/dto/update-transport-method.dto.ts
FNF:0
FNH:0
DA:1,0
DA:2,0
DA:4,0
LF:3
LH:0
BRF:0
BRH:0
end_of_record
TN:
SF:config/services/coverage-zone.service.ts
FN:10,(anonymous_2)
FN:15,(anonymous_3)
FN:25,(anonymous_4)
FN:41,(anonymous_5)
FN:56,(anonymous_6)
FN:67,(anonymous_7)
FN:82,(anonymous_8)
FNF:7
FNH:7
FNDA:11,(anonymous_2)
FNDA:1,(anonymous_3)
FNDA:6,(anonymous_4)
FNDA:2,(anonymous_5)
FNDA:1,(anonymous_6)
FNDA:2,(anonymous_7)
FNDA:2,(anonymous_8)
DA:1,1
DA:2,1
DA:7,1
DA:8,11
DA:10,11
DA:16,1
DA:17,1
DA:26,6
DA:27,6
DA:31,6
DA:32,3
DA:35,3
DA:42,2
DA:43,2
DA:57,1
DA:59,1
DA:68,2
DA:71,2
DA:73,1
DA:83,2
DA:86,2
DA:88,1
LF:22
LH:22
BRDA:31,0,0,3
BRDA:31,0,1,3
BRDA:10,1,0,1
BRDA:10,1,1,0
BRDA:10,2,0,1
BRDA:10,2,1,1
BRF:6
BRH:5
end_of_record
TN:
SF:config/services/transport-method.service.ts
FN:10,(anonymous_2)
FN:15,(anonymous_3)
FN:30,(anonymous_4)
FN:51,(anonymous_5)
FN:72,(anonymous_6)
FN:92,(anonymous_7)
FN:118,(anonymous_8)
FNF:7
FNH:7
FNDA:13,(anonymous_2)
FNDA:1,(anonymous_3)
FNDA:7,(anonymous_4)
FNDA:2,(anonymous_5)
FNDA:2,(anonymous_6)
FNDA:3,(anonymous_7)
FNDA:2,(anonymous_8)
DA:1,1
DA:2,1
DA:7,1
DA:8,13
DA:10,13
DA:16,1
DA:17,1
DA:31,7
DA:32,7
DA:41,7
DA:42,3
DA:45,4
DA:52,2
DA:53,2
DA:62,2
DA:63,1
DA:66,1
DA:73,2
DA:76,2
DA:80,2
DA:81,1
DA:84,1
DA:93,3
DA:96,3
DA:99,2
DA:100,1
DA:104,1
DA:105,1
DA:109,1
DA:119,2
DA:122,2
DA:124,1
LF:32
LH:32
BRDA:41,0,0,3
BRDA:41,0,1,4
BRDA:62,1,0,1
BRDA:62,1,1,1
BRDA:80,2,0,1
BRDA:80,2,1,1
BRDA:99,3,0,1
BRDA:99,3,1,1
BRDA:104,4,0,1
BRDA:104,4,1,0
BRDA:104,5,0,1
BRDA:104,5,1,1
BRDA:10,6,0,1
BRDA:10,6,1,0
BRDA:10,7,0,1
BRDA:10,7,1,1
BRF:16
BRH:14
end_of_record
TN:
SF:modules/shipping/shipping.controller.ts
FN:30,(anonymous_4)
FN:47,(anonymous_5)
FN:68,(anonymous_6)
FN:90,(anonymous_7)
FN:123,(anonymous_8)
FN:149,(anonymous_9)
FNF:6
FNH:0
FNDA:0,(anonymous_4)
FNDA:0,(anonymous_5)
FNDA:0,(anonymous_6)
FNDA:0,(anonymous_7)
FNDA:0,(anonymous_8)
FNDA:0,(anonymous_9)
DA:1,0
DA:11,0
DA:12,0
DA:13,0
DA:17,0
DA:21,0
DA:29,0
DA:30,0
DA:47,0
DA:50,0
DA:68,0
DA:71,0
DA:90,0
DA:98,0
DA:123,0
DA:126,0
DA:149,0
DA:152,0
LF:18
LH:0
BRDA:95,0,0,0
BRDA:96,1,0,0
BRDA:48,2,0,0
BRDA:48,2,1,0
BRDA:48,3,0,0
BRDA:48,3,1,0
BRDA:49,4,0,0
BRDA:49,4,1,0
BRDA:49,5,0,0
BRDA:49,5,1,0
BRDA:69,6,0,0
BRDA:69,6,1,0
BRDA:69,7,0,0
BRDA:69,7,1,0
BRDA:70,8,0,0
BRDA:70,8,1,0
BRDA:70,9,0,0
BRDA:70,9,1,0
BRDA:97,10,0,0
BRDA:97,10,1,0
BRDA:97,11,0,0
BRDA:97,11,1,0
BRDA:125,12,0,0
BRDA:125,12,1,0
BRDA:125,13,0,0
BRDA:125,13,1,0
BRDA:151,14,0,0
BRDA:151,14,1,0
BRDA:151,15,0,0
BRDA:151,15,1,0
BRDA:30,16,0,0
BRDA:30,16,1,0
BRDA:30,17,0,0
BRDA:30,17,1,0
BRF:34
BRH:0
end_of_record
TN:
SF:modules/shipping/shipping.module.ts
FNF:0
FNH:0
DA:1,0
DA:2,0
DA:3,0
DA:4,0
DA:12,0
LF:5
LH:0
BRF:0
BRH:0
end_of_record
TN:
SF:modules/shipping/shipping.service.ts
FN:19,(anonymous_2)
FN:27,(anonymous_3)
FN:31,(anonymous_4)
FN:40,(anonymous_5)
FN:69,(anonymous_6)
FN:86,(anonymous_7)
FN:90,(anonymous_8)
FN:103,(anonymous_9)
FN:120,(anonymous_10)
FN:121,(anonymous_11)
FN:160,(anonymous_12)
FN:183,(anonymous_13)
FN:197,(anonymous_14)
FN:200,(anonymous_15)
FN:204,(anonymous_16)
FN:208,(anonymous_17)
FN:213,(anonymous_18)
FN:220,(anonymous_19)
FN:224,(anonymous_20)
FN:242,(anonymous_21)
FN:243,(anonymous_22)
FN:269,(anonymous_23)
FN:282,(anonymous_24)
FN:290,(anonymous_25)
FN:291,(anonymous_26)
FNF:25
FNH:0
FNDA:0,(anonymous_2)
FNDA:0,(anonymous_3)
FNDA:0,(anonymous_4)
FNDA:0,(anonymous_5)
FNDA:0,(anonymous_6)
FNDA:0,(anonymous_7)
FNDA:0,(anonymous_8)
FNDA:0,(anonymous_9)
FNDA:0,(anonymous_10)
FNDA:0,(anonymous_11)
FNDA:0,(anonymous_12)
FNDA:0,(anonymous_13)
FNDA:0,(anonymous_14)
FNDA:0,(anonymous_15)
FNDA:0,(anonymous_16)
FNDA:0,(anonymous_17)
FNDA:0,(anonymous_18)
FNDA:0,(anonymous_19)
FNDA:0,(anonymous_20)
FNDA:0,(anonymous_21)
FNDA:0,(anonymous_22)
FNDA:0,(anonymous_23)
FNDA:0,(anonymous_24)
FNDA:0,(anonymous_25)
FNDA:0,(anonymous_26)
DA:1,0
DA:2,0
DA:18,0
DA:20,0
DA:24,0
DA:25,0
DA:31,0
DA:32,0
DA:35,0
DA:36,0
DA:38,0
DA:39,0
DA:40,0
DA:42,0
DA:43,0
DA:46,0
DA:47,0
DA:49,0
DA:56,0
DA:62,0
DA:69,0
DA:70,0
DA:72,0
DA:90,0
DA:91,0
DA:93,0
DA:94,0
DA:95,0
DA:100,0
DA:101,0
DA:102,0
DA:103,0
DA:104,0
DA:105,0
DA:109,0
DA:114,0
DA:120,0
DA:121,0
DA:122,0
DA:123,0
DA:125,0
DA:128,0
DA:131,0
DA:134,0
DA:139,0
DA:140,0
DA:143,0
DA:160,0
DA:172,0
DA:174,0
DA:191,0
DA:194,0
DA:196,0
DA:197,0
DA:199,0
DA:200,0
DA:202,0
DA:203,0
DA:204,0
DA:206,0
DA:207,0
DA:208,0
DA:212,0
DA:213,0
DA:215,0
DA:216,0
DA:217,0
DA:219,0
DA:220,0
DA:224,0
DA:243,0
DA:245,0
DA:246,0
DA:249,0
DA:269,0
DA:282,0
DA:291,0
DA:293,0
DA:294,0
DA:297,0
DA:299,0
DA:300,0
DA:306,0
DA:321,0
DA:323,0
LF:85
LH:0
BRDA:42,0,0,0
BRDA:42,0,1,0
BRDA:42,1,0,0
BRDA:42,1,1,0
BRDA:42,1,2,0
BRDA:42,1,3,0
BRDA:94,2,0,0
BRDA:94,2,1,0
BRDA:104,3,0,0
BRDA:104,3,1,0
BRDA:104,4,0,0
BRDA:104,4,1,0
BRDA:122,5,0,0
BRDA:122,5,1,0
BRDA:122,6,0,0
BRDA:122,6,1,0
BRDA:196,7,0,0
BRDA:196,7,1,0
BRDA:199,8,0,0
BRDA:199,8,1,0
BRDA:202,9,0,0
BRDA:202,9,1,0
BRDA:206,10,0,0
BRDA:206,10,1,0
BRDA:245,11,0,0
BRDA:245,11,1,0
BRDA:260,12,0,0
BRDA:260,12,1,0
BRDA:275,13,0,0
BRDA:275,13,1,0
BRDA:276,14,0,0
BRDA:276,14,1,0
BRDA:293,15,0,0
BRDA:293,15,1,0
BRDA:299,16,0,0
BRDA:299,16,1,0
BRDA:20,17,0,0
BRDA:20,17,1,0
BRDA:20,18,0,0
BRDA:20,18,1,0
BRF:40
BRH:0
end_of_record
TN:
SF:modules/shipping/dto/calculate-cost.dto.ts
FN:8,(anonymous_2)
FN:14,(anonymous_3)
FNF:2
FNH:0
FNDA:0,(anonymous_2)
FNDA:0,(anonymous_3)
DA:1,0
DA:2,0
DA:3,0
DA:4,0
DA:6,0
DA:8,0
DA:9,0
DA:14,0
DA:15,0
DA:18,0
DA:23,0
DA:30,0
LF:12
LH:0
BRDA:9,0,0,0
BRDA:9,0,1,0
BRDA:9,1,0,0
BRDA:9,1,1,0
BRF:4
BRH:0
end_of_record
TN:
SF:modules/shipping/dto/create-shipping.dto.ts
FN:17,(anonymous_2)
FN:26,(anonymous_3)
FNF:2
FNH:0
FNDA:0,(anonymous_2)
FNDA:0,(anonymous_3)
DA:1,0
DA:2,0
DA:3,0
DA:4,0
DA:5,0
DA:7,0
DA:10,0
DA:14,0
DA:17,0
DA:18,0
DA:21,0
DA:26,0
DA:27,0
DA:30,0
LF:14
LH:0
BRDA:18,0,0,0
BRDA:18,0,1,0
BRDA:18,1,0,0
BRDA:18,1,1,0
BRDA:21,2,0,0
BRDA:21,2,1,0
BRDA:21,3,0,0
BRDA:21,3,1,0
BRF:8
BRH:0
end_of_record
TN:
SF:modules/shipping/dto/shipping-responses.dto.ts
FNF:0
FNH:0
DA:1,0
DA:6,0
DA:12,0
DA:20,0
DA:39,0
DA:50,0
DA:57,0
DA:62,0
LF:8
LH:0
BRF:0
BRH:0
end_of_record
TN:
SF:modules/transport-methods/transport-methods.controller.ts
FN:9,(anonymous_2)
FN:23,(anonymous_3)
FNF:2
FNH:0
FNDA:0,(anonymous_2)
FNDA:0,(anonymous_3)
DA:1,0
DA:2,0
DA:3,0
DA:4,0
DA:8,0
DA:10,0
DA:23,0
DA:24,0
LF:8
LH:0
BRDA:23,0,0,0
BRDA:23,0,1,0
BRDA:23,1,0,0
BRDA:23,1,1,0
BRDA:10,2,0,0
BRDA:10,2,1,0
BRDA:10,3,0,0
BRDA:10,3,1,0
BRF:8
BRH:0
end_of_record
TN:
SF:modules/transport-methods/transport-methods.module.ts
FNF:0
FNH:0
DA:1,0
DA:2,0
DA:3,0
DA:10,0
LF:4
LH:0
BRF:0
BRH:0
end_of_record
TN:
SF:modules/transport-methods/transport-methods.service.ts
FN:6,(anonymous_2)
FN:8,(anonymous_3)
FNF:2
FNH:0
FNDA:0,(anonymous_2)
FNDA:0,(anonymous_3)
DA:1,0
DA:5,0
DA:10,0
LF:3
LH:0
BRF:0
BRH:0
end_of_record
TN:
SF:modules/transport-methods/dto/transport-methods.dto.ts
FNF:0
FNH:0
DA:1,0
DA:7,0
LF:2
LH:0
BRF:0
BRH:0
end_of_record
TN:
SF:prisma/prisma.module.ts
FNF:0
FNH:0
DA:1,0
DA:2,0
DA:9,0
LF:3
LH:0
BRF:0
BRH:0
end_of_record
TN:
SF:prisma/prisma.service.ts
FN:6,(anonymous_1)
FN:9,(anonymous_2)
FNF:2
FNH:0
FNDA:0,(anonymous_1)
FNDA:0,(anonymous_2)
DA:1,2
DA:2,2
DA:5,2
DA:7,0
DA:10,0
LF:5
LH:3
BRF:0
BRH:0
end_of_record
TN:
SF:prisma/seed.ts
FN:5,main
FN:48,(anonymous_1)
FN:52,(anonymous_2)
FNF:3
FNH:0
FNDA:0,main
FNDA:0,(anonymous_1)
FNDA:0,(anonymous_2)
DA:1,0
DA:3,0
DA:6,0
DA:9,0
DA:42,0
DA:44,0
DA:47,0
DA:49,0
DA:50,0
DA:53,0
LF:10
LH:0
BRF:0
BRH:0
end_of_record
