{"/Users/martinmalgor/Documents/2025-12-TPI/backend/src/app.controller.ts": {"path":"/Users/martinmalgor/Documents/2025-12-TPI/backend/src/app.controller.ts","statementMap":{"0":{"start":{"line":1,"column":0},"end":{"line":1,"column":49}},"1":{"start":{"line":2,"column":0},"end":{"line":2,"column":69}},"2":{"start":{"line":3,"column":0},"end":{"line":3,"column":43}},"3":{"start":{"line":7,"column":7},"end":{"line":52,"column":null}},"4":{"start":{"line":8,"column":31},"end":{"line":8,"column":43}},"5":{"start":{"line":21,"column":4},"end":{"line":21,"column":38}},"6":{"start":{"line":44,"column":4},"end":{"line":50,"column":6}},"7":{"start":{"line":7,"column":13},"end":{"line":7,"column":26}},"8":{"start":{"line":20,"column":2},"end":{"line":22,"column":null}},"9":{"start":{"line":43,"column":2},"end":{"line":51,"column":null}},"10":{"start":{"line":7,"column":13},"end":{"line":52,"column":null}}},"fnMap":{"0":{"name":"(anonymous_2)","decl":{"start":{"line":8,"column":2},"end":{"line":8,"column":31}},"loc":{"start":{"line":8,"column":53},"end":{"line":8,"column":57}}},"1":{"name":"(anonymous_3)","decl":{"start":{"line":20,"column":2},"end":{"line":20,"column":10}},"loc":{"start":{"line":20,"column":10},"end":{"line":22,"column":3}}},"2":{"name":"(anonymous_4)","decl":{"start":{"line":43,"column":2},"end":{"line":43,"column":11}},"loc":{"start":{"line":43,"column":11},"end":{"line":51,"column":3}}}},"branchMap":{"0":{"loc":{"start":{"line":49,"column":19},"end":{"line":49,"column":56}},"type":"binary-expr","locations":[{"start":{"line":49,"column":19},"end":{"line":49,"column":39}},{"start":{"line":49,"column":43},"end":{"line":49,"column":56}}]},"1":{"loc":{"start":{"line":8,"column":43},"end":{"line":8,"column":56}},"type":"cond-expr","locations":[{"start":{"line":8,"column":53},"end":{"line":8,"column":56}},{"start":{"line":8,"column":53},"end":{"line":8,"column":56}}]},"2":{"loc":{"start":{"line":8,"column":43},"end":{"line":8,"column":53}},"type":"binary-expr","locations":[{"start":{"line":8,"column":43},"end":{"line":8,"column":56}},{"start":{"line":8,"column":43},"end":{"line":8,"column":53}}]}},"s":{"0":0,"1":0,"2":0,"3":0,"4":0,"5":0,"6":0,"7":0,"8":0,"9":0,"10":0},"f":{"0":0,"1":0,"2":0},"b":{"0":[0,0],"1":[0,0],"2":[0,0]}}
,"/Users/martinmalgor/Documents/2025-12-TPI/backend/src/app.module.ts": {"path":"/Users/martinmalgor/Documents/2025-12-TPI/backend/src/app.module.ts","statementMap":{"0":{"start":{"line":1,"column":0},"end":{"line":1,"column":40}},"1":{"start":{"line":2,"column":0},"end":{"line":2,"column":49}},"2":{"start":{"line":3,"column":0},"end":{"line":3,"column":43}},"3":{"start":{"line":4,"column":0},"end":{"line":4,"column":68}},"4":{"start":{"line":5,"column":0},"end":{"line":5,"column":94}},"5":{"start":{"line":6,"column":0},"end":{"line":6,"column":54}},"6":{"start":{"line":13,"column":7},"end":{"line":13,"column":null}},"7":{"start":{"line":13,"column":13},"end":{"line":13,"column":22}},"8":{"start":{"line":13,"column":13},"end":{"line":13,"column":null}}},"fnMap":{},"branchMap":{},"s":{"0":0,"1":0,"2":0,"3":0,"4":0,"5":0,"6":0,"7":0,"8":0},"f":{},"b":{}}
,"/Users/martinmalgor/Documents/2025-12-TPI/backend/src/app.service.ts": {"path":"/Users/martinmalgor/Documents/2025-12-TPI/backend/src/app.service.ts","statementMap":{"0":{"start":{"line":1,"column":0},"end":{"line":1,"column":44}},"1":{"start":{"line":4,"column":7},"end":{"line":8,"column":null}},"2":{"start":{"line":6,"column":4},"end":{"line":6,"column":26}},"3":{"start":{"line":4,"column":13},"end":{"line":4,"column":23}},"4":{"start":{"line":4,"column":13},"end":{"line":8,"column":null}}},"fnMap":{"0":{"name":"(anonymous_1)","decl":{"start":{"line":5,"column":2},"end":{"line":5,"column":10}},"loc":{"start":{"line":5,"column":10},"end":{"line":7,"column":3}}}},"branchMap":{},"s":{"0":0,"1":0,"2":0,"3":0,"4":0},"f":{"0":0},"b":{}}
,"/Users/martinmalgor/Documents/2025-12-TPI/backend/src/main.ts": {"path":"/Users/martinmalgor/Documents/2025-12-TPI/backend/src/main.ts","statementMap":{"0":{"start":{"line":1,"column":0},"end":{"line":1,"column":43}},"1":{"start":{"line":2,"column":0},"end":{"line":2,"column":48}},"2":{"start":{"line":3,"column":0},"end":{"line":3,"column":65}},"3":{"start":{"line":4,"column":0},"end":{"line":4,"column":41}},"4":{"start":{"line":7,"column":14},"end":{"line":7,"column":49}},"5":{"start":{"line":10,"column":2},"end":{"line":10,"column":19}},"6":{"start":{"line":13,"column":2},"end":{"line":19,"column":4}},"7":{"start":{"line":22,"column":17},"end":{"line":42,"column":12}},"8":{"start":{"line":44,"column":19},"end":{"line":44,"column":60}},"9":{"start":{"line":45,"column":2},"end":{"line":63,"column":5}},"10":{"start":{"line":65,"column":15},"end":{"line":65,"column":39}},"11":{"start":{"line":66,"column":2},"end":{"line":66,"column":25}},"12":{"start":{"line":67,"column":2},"end":{"line":67,"column":72}},"13":{"start":{"line":68,"column":2},"end":{"line":68,"column":77}},"14":{"start":{"line":70,"column":0},"end":{"line":70,"column":12}}},"fnMap":{"0":{"name":"bootstrap","decl":{"start":{"line":6,"column":15},"end":{"line":6,"column":24}},"loc":{"start":{"line":6,"column":24},"end":{"line":69,"column":1}}}},"branchMap":{"0":{"loc":{"start":{"line":65,"column":15},"end":{"line":65,"column":39}},"type":"binary-expr","locations":[{"start":{"line":65,"column":15},"end":{"line":65,"column":31}},{"start":{"line":65,"column":35},"end":{"line":65,"column":39}}]}},"s":{"0":0,"1":0,"2":0,"3":0,"4":0,"5":0,"6":0,"7":0,"8":0,"9":0,"10":0,"11":0,"12":0,"13":0,"14":0},"f":{"0":0},"b":{"0":[0,0]}}
,"/Users/martinmalgor/Documents/2025-12-TPI/backend/src/common/dto/address.dto.ts": {"path":"/Users/martinmalgor/Documents/2025-12-TPI/backend/src/common/dto/address.dto.ts","statementMap":{"0":{"start":{"line":1,"column":0},"end":{"line":1,"column":60}},"1":{"start":{"line":3,"column":0},"end":{"line":3,"column":13}},"2":{"start":{"line":5,"column":2},"end":{"line":5,"column":null}},"3":{"start":{"line":8,"column":2},"end":{"line":8,"column":null}},"4":{"start":{"line":11,"column":2},"end":{"line":11,"column":null}},"5":{"start":{"line":17,"column":2},"end":{"line":17,"column":null}},"6":{"start":{"line":21,"column":2},"end":{"line":21,"column":null}}},"fnMap":{},"branchMap":{},"s":{"0":0,"1":0,"2":0,"3":0,"4":0,"5":0,"6":0},"f":{},"b":{}}
,"/Users/martinmalgor/Documents/2025-12-TPI/backend/src/common/dto/product-request.dto.ts": {"path":"/Users/martinmalgor/Documents/2025-12-TPI/backend/src/common/dto/product-request.dto.ts","statementMap":{"0":{"start":{"line":1,"column":0},"end":{"line":1,"column":55}},"1":{"start":{"line":3,"column":0},"end":{"line":3,"column":13}},"2":{"start":{"line":6,"column":2},"end":{"line":6,"column":null}},"3":{"start":{"line":10,"column":2},"end":{"line":10,"column":null}}},"fnMap":{},"branchMap":{},"s":{"0":0,"1":0,"2":0,"3":0},"f":{},"b":{}}
,"/Users/martinmalgor/Documents/2025-12-TPI/backend/src/common/enums/shipping-status.enum.ts": {"path":"/Users/martinmalgor/Documents/2025-12-TPI/backend/src/common/enums/shipping-status.enum.ts","statementMap":{"0":{"start":{"line":1,"column":0},"end":{"line":1,"column":null}},"1":{"start":{"line":2,"column":2},"end":{"line":2,"column":null}},"2":{"start":{"line":3,"column":2},"end":{"line":3,"column":null}},"3":{"start":{"line":4,"column":2},"end":{"line":4,"column":null}},"4":{"start":{"line":5,"column":2},"end":{"line":5,"column":null}},"5":{"start":{"line":6,"column":2},"end":{"line":6,"column":null}},"6":{"start":{"line":7,"column":2},"end":{"line":7,"column":null}},"7":{"start":{"line":8,"column":2},"end":{"line":8,"column":null}}},"fnMap":{"0":{"name":"(anonymous_0)","decl":{"start":{"line":1,"column":0},"end":{"line":1,"column":12}},"loc":{"start":{"line":1,"column":26},"end":{"line":9,"column":1}}}},"branchMap":{"0":{"loc":{"start":{"line":1,"column":12},"end":{"line":1,"column":null}},"type":"binary-expr","locations":[{"start":{"line":1,"column":12},"end":{"line":1,"column":26}},{"start":{"line":1,"column":26},"end":{"line":1,"column":null}}]}},"s":{"0":0,"1":0,"2":0,"3":0,"4":0,"5":0,"6":0,"7":0},"f":{"0":0},"b":{"0":[0,0]}}
,"/Users/martinmalgor/Documents/2025-12-TPI/backend/src/common/enums/transport-type.enum.ts": {"path":"/Users/martinmalgor/Documents/2025-12-TPI/backend/src/common/enums/transport-type.enum.ts","statementMap":{"0":{"start":{"line":1,"column":0},"end":{"line":1,"column":null}},"1":{"start":{"line":2,"column":2},"end":{"line":2,"column":null}},"2":{"start":{"line":3,"column":2},"end":{"line":3,"column":null}},"3":{"start":{"line":4,"column":2},"end":{"line":4,"column":null}},"4":{"start":{"line":5,"column":2},"end":{"line":5,"column":null}}},"fnMap":{"0":{"name":"(anonymous_0)","decl":{"start":{"line":1,"column":0},"end":{"line":1,"column":12}},"loc":{"start":{"line":1,"column":25},"end":{"line":6,"column":1}}}},"branchMap":{"0":{"loc":{"start":{"line":1,"column":12},"end":{"line":1,"column":null}},"type":"binary-expr","locations":[{"start":{"line":1,"column":12},"end":{"line":1,"column":25}},{"start":{"line":1,"column":25},"end":{"line":1,"column":null}}]}},"s":{"0":0,"1":0,"2":0,"3":0,"4":0},"f":{"0":0},"b":{"0":[0,0]}}
,"/Users/martinmalgor/Documents/2025-12-TPI/backend/src/common/services/mock-data.service 2.ts": {"path":"/Users/martinmalgor/Documents/2025-12-TPI/backend/src/common/services/mock-data.service 2.ts","statementMap":{"0":{"start":{"line":1,"column":0},"end":{"line":1,"column":44}},"1":{"start":{"line":4,"column":7},"end":{"line":292,"column":null}},"2":{"start":{"line":7,"column":34},"end":{"line":68,"column":4}},"3":{"start":{"line":71,"column":35},"end":{"line":105,"column":4}},"4":{"start":{"line":108,"column":31},"end":{"line":124,"column":4}},"5":{"start":{"line":130,"column":4},"end":{"line":130,"column":59}},"6":{"start":{"line":130,"column":39},"end":{"line":130,"column":57}},"7":{"start":{"line":137,"column":19},"end":{"line":137,"column":49}},"8":{"start":{"line":138,"column":4},"end":{"line":140,"column":5}},"9":{"start":{"line":139,"column":6},"end":{"line":139,"column":17}},"10":{"start":{"line":142,"column":21},"end":{"line":142,"column":44}},"11":{"start":{"line":143,"column":4},"end":{"line":145,"column":5}},"12":{"start":{"line":144,"column":6},"end":{"line":144,"column":17}},"13":{"start":{"line":147,"column":4},"end":{"line":147,"column":20}},"14":{"start":{"line":158,"column":18},"end":{"line":158,"column":47}},"15":{"start":{"line":160,"column":21},"end":{"line":160,"column":35}},"16":{"start":{"line":161,"column":25},"end":{"line":161,"column":47}},"17":{"start":{"line":162,"column":23},"end":{"line":162,"column":48}},"18":{"start":{"line":164,"column":21},"end":{"line":164,"column":57}},"19":{"start":{"line":167,"column":20},"end":{"line":167,"column":24}},"20":{"start":{"line":168,"column":18},"end":{"line":168,"column":36}},"21":{"start":{"line":170,"column":18},"end":{"line":170,"column":34}},"22":{"start":{"line":172,"column":4},"end":{"line":180,"column":6}},"23":{"start":{"line":187,"column":19},"end":{"line":187,"column":24}},"24":{"start":{"line":188,"column":22},"end":{"line":188,"column":59}},"25":{"start":{"line":189,"column":19},"end":{"line":189,"column":75}},"26":{"start":{"line":190,"column":4},"end":{"line":190,"column":44}},"27":{"start":{"line":200,"column":21},"end":{"line":204,"column":6}},"28":{"start":{"line":206,"column":27},"end":{"line":206,"column":52}},"29":{"start":{"line":207,"column":4},"end":{"line":207,"column":52}},"30":{"start":{"line":214,"column":4},"end":{"line":214,"column":29}},"31":{"start":{"line":222,"column":4},"end":{"line":222,"column":59}},"32":{"start":{"line":222,"column":33},"end":{"line":222,"column":57}},"33":{"start":{"line":224,"column":4},"end":{"line":241,"column":7}},"34":{"start":{"line":225,"column":22},"end":{"line":225,"column":45}},"35":{"start":{"line":226,"column":6},"end":{"line":232,"column":7}},"36":{"start":{"line":227,"column":8},"end":{"line":231,"column":10}},"37":{"start":{"line":234,"column":6},"end":{"line":240,"column":8}},"38":{"start":{"line":249,"column":4},"end":{"line":249,"column":59}},"39":{"start":{"line":249,"column":33},"end":{"line":249,"column":57}},"40":{"start":{"line":252,"column":23},"end":{"line":252,"column":71}},"41":{"start":{"line":253,"column":28},"end":{"line":253,"column":81}},"42":{"start":{"line":255,"column":21},"end":{"line":255,"column":72}},"43":{"start":{"line":257,"column":4},"end":{"line":268,"column":6}},"44":{"start":{"line":276,"column":20},"end":{"line":286,"column":6}},"45":{"start":{"line":289,"column":19},"end":{"line":289,"column":45}},"46":{"start":{"line":290,"column":4},"end":{"line":290,"column":37}},"47":{"start":{"line":4,"column":13},"end":{"line":4,"column":28}},"48":{"start":{"line":4,"column":13},"end":{"line":292,"column":null}}},"fnMap":{"0":{"name":"(anonymous_1)","decl":{"start":{"line":129,"column":2},"end":{"line":129,"column":16}},"loc":{"start":{"line":129,"column":34},"end":{"line":131,"column":3}}},"1":{"name":"(anonymous_2)","decl":{"start":{"line":130,"column":34},"end":{"line":130,"column":35}},"loc":{"start":{"line":130,"column":39},"end":{"line":130,"column":57}}},"2":{"name":"(anonymous_3)","decl":{"start":{"line":136,"column":2},"end":{"line":136,"column":19}},"loc":{"start":{"line":136,"column":63},"end":{"line":148,"column":3}}},"3":{"name":"(anonymous_4)","decl":{"start":{"line":153,"column":2},"end":{"line":153,"column":23}},"loc":{"start":{"line":156,"column":55},"end":{"line":181,"column":3}}},"4":{"name":"(anonymous_5)","decl":{"start":{"line":186,"column":2},"end":{"line":186,"column":24}},"loc":{"start":{"line":186,"column":24},"end":{"line":191,"column":3}}},"5":{"name":"(anonymous_6)","decl":{"start":{"line":196,"column":2},"end":{"line":196,"column":26}},"loc":{"start":{"line":198,"column":20},"end":{"line":208,"column":3}}},"6":{"name":"(anonymous_7)","decl":{"start":{"line":213,"column":2},"end":{"line":213,"column":16}},"loc":{"start":{"line":213,"column":16},"end":{"line":215,"column":3}}},"7":{"name":"(anonymous_8)","decl":{"start":{"line":220,"column":2},"end":{"line":220,"column":7}},"loc":{"start":{"line":220,"column":41},"end":{"line":242,"column":3}}},"8":{"name":"(anonymous_9)","decl":{"start":{"line":222,"column":22},"end":{"line":222,"column":29}},"loc":{"start":{"line":222,"column":33},"end":{"line":222,"column":57}}},"9":{"name":"(anonymous_10)","decl":{"start":{"line":224,"column":26},"end":{"line":224,"column":28}},"loc":{"start":{"line":224,"column":31},"end":{"line":241,"column":5}}},"10":{"name":"(anonymous_11)","decl":{"start":{"line":247,"column":2},"end":{"line":247,"column":7}},"loc":{"start":{"line":247,"column":79},"end":{"line":269,"column":3}}},"11":{"name":"(anonymous_12)","decl":{"start":{"line":249,"column":22},"end":{"line":249,"column":29}},"loc":{"start":{"line":249,"column":33},"end":{"line":249,"column":57}}},"12":{"name":"(anonymous_13)","decl":{"start":{"line":274,"column":10},"end":{"line":274,"column":35}},"loc":{"start":{"line":274,"column":54},"end":{"line":291,"column":3}}}},"branchMap":{"0":{"loc":{"start":{"line":138,"column":4},"end":{"line":140,"column":5}},"type":"if","locations":[{"start":{"line":138,"column":4},"end":{"line":140,"column":5}},{"start":{},"end":{}}]},"1":{"loc":{"start":{"line":143,"column":4},"end":{"line":145,"column":5}},"type":"if","locations":[{"start":{"line":143,"column":4},"end":{"line":145,"column":5}},{"start":{},"end":{}}]},"2":{"loc":{"start":{"line":226,"column":6},"end":{"line":232,"column":7}},"type":"if","locations":[{"start":{"line":226,"column":6},"end":{"line":232,"column":7}},{"start":{},"end":{}}]},"3":{"loc":{"start":{"line":290,"column":11},"end":{"line":290,"column":36}},"type":"binary-expr","locations":[{"start":{"line":290,"column":11},"end":{"line":290,"column":26}},{"start":{"line":290,"column":30},"end":{"line":290,"column":36}}]}},"s":{"0":0,"1":0,"2":0,"3":0,"4":0,"5":0,"6":0,"7":0,"8":0,"9":0,"10":0,"11":0,"12":0,"13":0,"14":0,"15":0,"16":0,"17":0,"18":0,"19":0,"20":0,"21":0,"22":0,"23":0,"24":0,"25":0,"26":0,"27":0,"28":0,"29":0,"30":0,"31":0,"32":0,"33":0,"34":0,"35":0,"36":0,"37":0,"38":0,"39":0,"40":0,"41":0,"42":0,"43":0,"44":0,"45":0,"46":0,"47":0,"48":0},"f":{"0":0,"1":0,"2":0,"3":0,"4":0,"5":0,"6":0,"7":0,"8":0,"9":0,"10":0,"11":0,"12":0},"b":{"0":[0,0],"1":[0,0],"2":[0,0],"3":[0,0]}}
,"/Users/martinmalgor/Documents/2025-12-TPI/backend/src/common/services/mock-data.service.ts": {"path":"/Users/martinmalgor/Documents/2025-12-TPI/backend/src/common/services/mock-data.service.ts","statementMap":{"0":{"start":{"line":1,"column":0},"end":{"line":1,"column":44}},"1":{"start":{"line":4,"column":7},"end":{"line":292,"column":null}},"2":{"start":{"line":7,"column":34},"end":{"line":68,"column":4}},"3":{"start":{"line":71,"column":35},"end":{"line":105,"column":4}},"4":{"start":{"line":108,"column":31},"end":{"line":124,"column":4}},"5":{"start":{"line":130,"column":4},"end":{"line":130,"column":59}},"6":{"start":{"line":130,"column":39},"end":{"line":130,"column":57}},"7":{"start":{"line":137,"column":19},"end":{"line":137,"column":49}},"8":{"start":{"line":138,"column":4},"end":{"line":140,"column":5}},"9":{"start":{"line":139,"column":6},"end":{"line":139,"column":17}},"10":{"start":{"line":142,"column":21},"end":{"line":142,"column":44}},"11":{"start":{"line":143,"column":4},"end":{"line":145,"column":5}},"12":{"start":{"line":144,"column":6},"end":{"line":144,"column":17}},"13":{"start":{"line":147,"column":4},"end":{"line":147,"column":20}},"14":{"start":{"line":158,"column":18},"end":{"line":158,"column":47}},"15":{"start":{"line":160,"column":21},"end":{"line":160,"column":35}},"16":{"start":{"line":161,"column":25},"end":{"line":161,"column":47}},"17":{"start":{"line":162,"column":23},"end":{"line":162,"column":48}},"18":{"start":{"line":164,"column":21},"end":{"line":164,"column":57}},"19":{"start":{"line":167,"column":20},"end":{"line":167,"column":24}},"20":{"start":{"line":168,"column":18},"end":{"line":168,"column":36}},"21":{"start":{"line":170,"column":18},"end":{"line":170,"column":34}},"22":{"start":{"line":172,"column":4},"end":{"line":180,"column":6}},"23":{"start":{"line":187,"column":19},"end":{"line":187,"column":24}},"24":{"start":{"line":188,"column":22},"end":{"line":188,"column":59}},"25":{"start":{"line":189,"column":19},"end":{"line":189,"column":75}},"26":{"start":{"line":190,"column":4},"end":{"line":190,"column":44}},"27":{"start":{"line":200,"column":21},"end":{"line":204,"column":6}},"28":{"start":{"line":206,"column":27},"end":{"line":206,"column":52}},"29":{"start":{"line":207,"column":4},"end":{"line":207,"column":52}},"30":{"start":{"line":214,"column":4},"end":{"line":214,"column":29}},"31":{"start":{"line":222,"column":4},"end":{"line":222,"column":59}},"32":{"start":{"line":222,"column":33},"end":{"line":222,"column":57}},"33":{"start":{"line":224,"column":4},"end":{"line":241,"column":7}},"34":{"start":{"line":225,"column":22},"end":{"line":225,"column":45}},"35":{"start":{"line":226,"column":6},"end":{"line":232,"column":7}},"36":{"start":{"line":227,"column":8},"end":{"line":231,"column":10}},"37":{"start":{"line":234,"column":6},"end":{"line":240,"column":8}},"38":{"start":{"line":249,"column":4},"end":{"line":249,"column":59}},"39":{"start":{"line":249,"column":33},"end":{"line":249,"column":57}},"40":{"start":{"line":252,"column":23},"end":{"line":252,"column":71}},"41":{"start":{"line":253,"column":28},"end":{"line":253,"column":81}},"42":{"start":{"line":255,"column":21},"end":{"line":255,"column":72}},"43":{"start":{"line":257,"column":4},"end":{"line":268,"column":6}},"44":{"start":{"line":276,"column":20},"end":{"line":286,"column":6}},"45":{"start":{"line":289,"column":19},"end":{"line":289,"column":45}},"46":{"start":{"line":290,"column":4},"end":{"line":290,"column":37}},"47":{"start":{"line":4,"column":13},"end":{"line":4,"column":28}},"48":{"start":{"line":4,"column":13},"end":{"line":292,"column":null}}},"fnMap":{"0":{"name":"(anonymous_1)","decl":{"start":{"line":129,"column":2},"end":{"line":129,"column":16}},"loc":{"start":{"line":129,"column":34},"end":{"line":131,"column":3}}},"1":{"name":"(anonymous_2)","decl":{"start":{"line":130,"column":34},"end":{"line":130,"column":35}},"loc":{"start":{"line":130,"column":39},"end":{"line":130,"column":57}}},"2":{"name":"(anonymous_3)","decl":{"start":{"line":136,"column":2},"end":{"line":136,"column":19}},"loc":{"start":{"line":136,"column":63},"end":{"line":148,"column":3}}},"3":{"name":"(anonymous_4)","decl":{"start":{"line":153,"column":2},"end":{"line":153,"column":23}},"loc":{"start":{"line":156,"column":55},"end":{"line":181,"column":3}}},"4":{"name":"(anonymous_5)","decl":{"start":{"line":186,"column":2},"end":{"line":186,"column":24}},"loc":{"start":{"line":186,"column":24},"end":{"line":191,"column":3}}},"5":{"name":"(anonymous_6)","decl":{"start":{"line":196,"column":2},"end":{"line":196,"column":26}},"loc":{"start":{"line":198,"column":20},"end":{"line":208,"column":3}}},"6":{"name":"(anonymous_7)","decl":{"start":{"line":213,"column":2},"end":{"line":213,"column":16}},"loc":{"start":{"line":213,"column":16},"end":{"line":215,"column":3}}},"7":{"name":"(anonymous_8)","decl":{"start":{"line":220,"column":2},"end":{"line":220,"column":7}},"loc":{"start":{"line":220,"column":41},"end":{"line":242,"column":3}}},"8":{"name":"(anonymous_9)","decl":{"start":{"line":222,"column":22},"end":{"line":222,"column":29}},"loc":{"start":{"line":222,"column":33},"end":{"line":222,"column":57}}},"9":{"name":"(anonymous_10)","decl":{"start":{"line":224,"column":26},"end":{"line":224,"column":28}},"loc":{"start":{"line":224,"column":31},"end":{"line":241,"column":5}}},"10":{"name":"(anonymous_11)","decl":{"start":{"line":247,"column":2},"end":{"line":247,"column":7}},"loc":{"start":{"line":247,"column":79},"end":{"line":269,"column":3}}},"11":{"name":"(anonymous_12)","decl":{"start":{"line":249,"column":22},"end":{"line":249,"column":29}},"loc":{"start":{"line":249,"column":33},"end":{"line":249,"column":57}}},"12":{"name":"(anonymous_13)","decl":{"start":{"line":274,"column":10},"end":{"line":274,"column":35}},"loc":{"start":{"line":274,"column":54},"end":{"line":291,"column":3}}}},"branchMap":{"0":{"loc":{"start":{"line":138,"column":4},"end":{"line":140,"column":5}},"type":"if","locations":[{"start":{"line":138,"column":4},"end":{"line":140,"column":5}},{"start":{},"end":{}}]},"1":{"loc":{"start":{"line":143,"column":4},"end":{"line":145,"column":5}},"type":"if","locations":[{"start":{"line":143,"column":4},"end":{"line":145,"column":5}},{"start":{},"end":{}}]},"2":{"loc":{"start":{"line":226,"column":6},"end":{"line":232,"column":7}},"type":"if","locations":[{"start":{"line":226,"column":6},"end":{"line":232,"column":7}},{"start":{},"end":{}}]},"3":{"loc":{"start":{"line":290,"column":11},"end":{"line":290,"column":36}},"type":"binary-expr","locations":[{"start":{"line":290,"column":11},"end":{"line":290,"column":26}},{"start":{"line":290,"column":30},"end":{"line":290,"column":36}}]}},"s":{"0":0,"1":0,"2":0,"3":0,"4":0,"5":0,"6":0,"7":0,"8":0,"9":0,"10":0,"11":0,"12":0,"13":0,"14":0,"15":0,"16":0,"17":0,"18":0,"19":0,"20":0,"21":0,"22":0,"23":0,"24":0,"25":0,"26":0,"27":0,"28":0,"29":0,"30":0,"31":0,"32":0,"33":0,"34":0,"35":0,"36":0,"37":0,"38":0,"39":0,"40":0,"41":0,"42":0,"43":0,"44":0,"45":0,"46":0,"47":0,"48":0},"f":{"0":0,"1":0,"2":0,"3":0,"4":0,"5":0,"6":0,"7":0,"8":0,"9":0,"10":0,"11":0,"12":0},"b":{"0":[0,0],"1":[0,0],"2":[0,0],"3":[0,0]}}
,"/Users/martinmalgor/Documents/2025-12-TPI/backend/src/config/config.module.ts": {"path":"/Users/martinmalgor/Documents/2025-12-TPI/backend/src/config/config.module.ts","statementMap":{"0":{"start":{"line":1,"column":0},"end":{"line":1,"column":40}},"1":{"start":{"line":2,"column":0},"end":{"line":2,"column":55}},"2":{"start":{"line":3,"column":0},"end":{"line":3,"column":74}},"3":{"start":{"line":4,"column":0},"end":{"line":4,"column":68}},"4":{"start":{"line":5,"column":0},"end":{"line":5,"column":77}},"5":{"start":{"line":6,"column":0},"end":{"line":6,"column":71}},"6":{"start":{"line":14,"column":7},"end":{"line":14,"column":null}},"7":{"start":{"line":14,"column":13},"end":{"line":14,"column":25}},"8":{"start":{"line":14,"column":13},"end":{"line":14,"column":null}}},"fnMap":{},"branchMap":{},"s":{"0":0,"1":0,"2":0,"3":0,"4":0,"5":0,"6":0,"7":0,"8":0},"f":{},"b":{}}
,"/Users/martinmalgor/Documents/2025-12-TPI/backend/src/config/coverage-zone.controller.ts": {"path":"/Users/martinmalgor/Documents/2025-12-TPI/backend/src/config/coverage-zone.controller.ts","statementMap":{"0":{"start":{"line":1,"column":0},"end":{"line":1,"column":105}},"1":{"start":{"line":2,"column":0},"end":{"line":2,"column":79}},"2":{"start":{"line":3,"column":0},"end":{"line":3,"column":71}},"3":{"start":{"line":4,"column":0},"end":{"line":4,"column":71}},"4":{"start":{"line":5,"column":0},"end":{"line":5,"column":71}},"5":{"start":{"line":9,"column":35},"end":{"line":71,"column":null}},"6":{"start":{"line":10,"column":28},"end":{"line":10,"column":67}},"7":{"start":{"line":12,"column":31},"end":{"line":12,"column":52}},"8":{"start":{"line":22,"column":4},"end":{"line":22,"column":92}},"9":{"start":{"line":23,"column":4},"end":{"line":23,"column":66}},"10":{"start":{"line":33,"column":4},"end":{"line":33,"column":67}},"11":{"start":{"line":34,"column":4},"end":{"line":34,"column":46}},"12":{"start":{"line":49,"column":4},"end":{"line":49,"column":56}},"13":{"start":{"line":50,"column":4},"end":{"line":50,"column":48}},"14":{"start":{"line":68,"column":4},"end":{"line":68,"column":58}},"15":{"start":{"line":69,"column":4},"end":{"line":69,"column":70}},"16":{"start":{"line":9,"column":13},"end":{"line":9,"column":35}},"17":{"start":{"line":21,"column":8},"end":{"line":24,"column":null}},"18":{"start":{"line":32,"column":8},"end":{"line":35,"column":null}},"19":{"start":{"line":48,"column":8},"end":{"line":51,"column":null}},"20":{"start":{"line":64,"column":8},"end":{"line":70,"column":null}},"21":{"start":{"line":9,"column":13},"end":{"line":71,"column":null}}},"fnMap":{"0":{"name":"(anonymous_4)","decl":{"start":{"line":12,"column":2},"end":{"line":12,"column":31}},"loc":{"start":{"line":12,"column":71},"end":{"line":12,"column":75}}},"1":{"name":"(anonymous_5)","decl":{"start":{"line":21,"column":8},"end":{"line":21,"column":14}},"loc":{"start":{"line":21,"column":67},"end":{"line":24,"column":3}}},"2":{"name":"(anonymous_6)","decl":{"start":{"line":32,"column":8},"end":{"line":32,"column":15}},"loc":{"start":{"line":32,"column":15},"end":{"line":35,"column":3}}},"3":{"name":"(anonymous_7)","decl":{"start":{"line":48,"column":8},"end":{"line":48,"column":15}},"loc":{"start":{"line":48,"column":39},"end":{"line":51,"column":3}}},"4":{"name":"(anonymous_8)","decl":{"start":{"line":64,"column":8},"end":{"line":64,"column":14}},"loc":{"start":{"line":66,"column":56},"end":{"line":70,"column":3}}}},"branchMap":{"0":{"loc":{"start":{"line":21,"column":46},"end":{"line":21,"column":null}},"type":"cond-expr","locations":[{"start":{"line":21,"column":67},"end":{"line":21,"column":null}},{"start":{"line":21,"column":67},"end":{"line":21,"column":null}}]},"1":{"loc":{"start":{"line":21,"column":46},"end":{"line":21,"column":67}},"type":"binary-expr","locations":[{"start":{"line":21,"column":46},"end":{"line":21,"column":null}},{"start":{"line":21,"column":46},"end":{"line":21,"column":67}}]},"2":{"loc":{"start":{"line":66,"column":35},"end":{"line":66,"column":null}},"type":"cond-expr","locations":[{"start":{"line":66,"column":56},"end":{"line":66,"column":null}},{"start":{"line":66,"column":56},"end":{"line":66,"column":null}}]},"3":{"loc":{"start":{"line":66,"column":35},"end":{"line":66,"column":56}},"type":"binary-expr","locations":[{"start":{"line":66,"column":35},"end":{"line":66,"column":null}},{"start":{"line":66,"column":35},"end":{"line":66,"column":56}}]},"4":{"loc":{"start":{"line":12,"column":52},"end":{"line":12,"column":74}},"type":"cond-expr","locations":[{"start":{"line":12,"column":71},"end":{"line":12,"column":74}},{"start":{"line":12,"column":71},"end":{"line":12,"column":74}}]},"5":{"loc":{"start":{"line":12,"column":52},"end":{"line":12,"column":71}},"type":"binary-expr","locations":[{"start":{"line":12,"column":52},"end":{"line":12,"column":74}},{"start":{"line":12,"column":52},"end":{"line":12,"column":71}}]}},"s":{"0":0,"1":0,"2":0,"3":0,"4":0,"5":0,"6":0,"7":0,"8":0,"9":0,"10":0,"11":0,"12":0,"13":0,"14":0,"15":0,"16":0,"17":0,"18":0,"19":0,"20":0,"21":0},"f":{"0":0,"1":0,"2":0,"3":0,"4":0},"b":{"0":[0,0],"1":[0,0],"2":[0,0],"3":[0,0],"4":[0,0],"5":[0,0]}}
,"/Users/martinmalgor/Documents/2025-12-TPI/backend/src/config/transport-method.controller.ts": {"path":"/Users/martinmalgor/Documents/2025-12-TPI/backend/src/config/transport-method.controller.ts","statementMap":{"0":{"start":{"line":1,"column":0},"end":{"line":1,"column":105}},"1":{"start":{"line":2,"column":0},"end":{"line":2,"column":79}},"2":{"start":{"line":3,"column":0},"end":{"line":3,"column":77}},"3":{"start":{"line":4,"column":0},"end":{"line":4,"column":77}},"4":{"start":{"line":5,"column":0},"end":{"line":5,"column":77}},"5":{"start":{"line":9,"column":38},"end":{"line":75,"column":null}},"6":{"start":{"line":10,"column":28},"end":{"line":10,"column":70}},"7":{"start":{"line":12,"column":31},"end":{"line":12,"column":55}},"8":{"start":{"line":26,"column":4},"end":{"line":26,"column":98}},"9":{"start":{"line":27,"column":4},"end":{"line":27,"column":72}},"10":{"start":{"line":37,"column":4},"end":{"line":37,"column":70}},"11":{"start":{"line":38,"column":4},"end":{"line":38,"column":49}},"12":{"start":{"line":53,"column":4},"end":{"line":53,"column":59}},"13":{"start":{"line":54,"column":4},"end":{"line":54,"column":51}},"14":{"start":{"line":72,"column":4},"end":{"line":72,"column":61}},"15":{"start":{"line":73,"column":4},"end":{"line":73,"column":76}},"16":{"start":{"line":9,"column":13},"end":{"line":9,"column":38}},"17":{"start":{"line":25,"column":8},"end":{"line":28,"column":null}},"18":{"start":{"line":36,"column":8},"end":{"line":39,"column":null}},"19":{"start":{"line":52,"column":8},"end":{"line":55,"column":null}},"20":{"start":{"line":68,"column":8},"end":{"line":74,"column":null}},"21":{"start":{"line":9,"column":13},"end":{"line":75,"column":null}}},"fnMap":{"0":{"name":"(anonymous_4)","decl":{"start":{"line":12,"column":2},"end":{"line":12,"column":31}},"loc":{"start":{"line":12,"column":77},"end":{"line":12,"column":81}}},"1":{"name":"(anonymous_5)","decl":{"start":{"line":25,"column":8},"end":{"line":25,"column":14}},"loc":{"start":{"line":25,"column":73},"end":{"line":28,"column":3}}},"2":{"name":"(anonymous_6)","decl":{"start":{"line":36,"column":8},"end":{"line":36,"column":15}},"loc":{"start":{"line":36,"column":15},"end":{"line":39,"column":3}}},"3":{"name":"(anonymous_7)","decl":{"start":{"line":52,"column":8},"end":{"line":52,"column":15}},"loc":{"start":{"line":52,"column":39},"end":{"line":55,"column":3}}},"4":{"name":"(anonymous_8)","decl":{"start":{"line":68,"column":8},"end":{"line":68,"column":14}},"loc":{"start":{"line":70,"column":62},"end":{"line":74,"column":3}}}},"branchMap":{"0":{"loc":{"start":{"line":25,"column":49},"end":{"line":25,"column":null}},"type":"cond-expr","locations":[{"start":{"line":25,"column":73},"end":{"line":25,"column":null}},{"start":{"line":25,"column":73},"end":{"line":25,"column":null}}]},"1":{"loc":{"start":{"line":25,"column":49},"end":{"line":25,"column":73}},"type":"binary-expr","locations":[{"start":{"line":25,"column":49},"end":{"line":25,"column":null}},{"start":{"line":25,"column":49},"end":{"line":25,"column":73}}]},"2":{"loc":{"start":{"line":70,"column":38},"end":{"line":70,"column":null}},"type":"cond-expr","locations":[{"start":{"line":70,"column":62},"end":{"line":70,"column":null}},{"start":{"line":70,"column":62},"end":{"line":70,"column":null}}]},"3":{"loc":{"start":{"line":70,"column":38},"end":{"line":70,"column":62}},"type":"binary-expr","locations":[{"start":{"line":70,"column":38},"end":{"line":70,"column":null}},{"start":{"line":70,"column":38},"end":{"line":70,"column":62}}]},"4":{"loc":{"start":{"line":12,"column":55},"end":{"line":12,"column":80}},"type":"cond-expr","locations":[{"start":{"line":12,"column":77},"end":{"line":12,"column":80}},{"start":{"line":12,"column":77},"end":{"line":12,"column":80}}]},"5":{"loc":{"start":{"line":12,"column":55},"end":{"line":12,"column":77}},"type":"binary-expr","locations":[{"start":{"line":12,"column":55},"end":{"line":12,"column":80}},{"start":{"line":12,"column":55},"end":{"line":12,"column":77}}]}},"s":{"0":0,"1":0,"2":0,"3":0,"4":0,"5":0,"6":0,"7":0,"8":0,"9":0,"10":0,"11":0,"12":0,"13":0,"14":0,"15":0,"16":0,"17":0,"18":0,"19":0,"20":0,"21":0},"f":{"0":0,"1":0,"2":0,"3":0,"4":0},"b":{"0":[0,0],"1":[0,0],"2":[0,0],"3":[0,0],"4":[0,0],"5":[0,0]}}
,"/Users/martinmalgor/Documents/2025-12-TPI/backend/src/config/dto/create-coverage-zone.dto.ts": {"path":"/Users/martinmalgor/Documents/2025-12-TPI/backend/src/config/dto/create-coverage-zone.dto.ts","statementMap":{"0":{"start":{"line":1,"column":0},"end":{"line":1,"column":111}},"1":{"start":{"line":2,"column":0},"end":{"line":2,"column":67}},"2":{"start":{"line":4,"column":0},"end":{"line":4,"column":13}},"3":{"start":{"line":12,"column":2},"end":{"line":12,"column":null}},"4":{"start":{"line":20,"column":2},"end":{"line":20,"column":null}},"5":{"start":{"line":30,"column":2},"end":{"line":30,"column":null}},"6":{"start":{"line":39,"column":2},"end":{"line":39,"column":null}}},"fnMap":{},"branchMap":{},"s":{"0":0,"1":0,"2":0,"3":0,"4":0,"5":0,"6":0},"f":{},"b":{}}
,"/Users/martinmalgor/Documents/2025-12-TPI/backend/src/config/dto/create-transport-method.dto.ts": {"path":"/Users/martinmalgor/Documents/2025-12-TPI/backend/src/config/dto/create-transport-method.dto.ts","statementMap":{"0":{"start":{"line":1,"column":0},"end":{"line":1,"column":110}},"1":{"start":{"line":2,"column":0},"end":{"line":2,"column":67}},"2":{"start":{"line":4,"column":0},"end":{"line":4,"column":13}},"3":{"start":{"line":13,"column":2},"end":{"line":13,"column":null}},"4":{"start":{"line":22,"column":2},"end":{"line":22,"column":null}},"5":{"start":{"line":30,"column":2},"end":{"line":30,"column":null}},"6":{"start":{"line":38,"column":2},"end":{"line":38,"column":null}},"7":{"start":{"line":46,"column":2},"end":{"line":46,"column":null}},"8":{"start":{"line":54,"column":2},"end":{"line":54,"column":null}},"9":{"start":{"line":62,"column":2},"end":{"line":62,"column":null}},"10":{"start":{"line":71,"column":2},"end":{"line":71,"column":null}}},"fnMap":{},"branchMap":{},"s":{"0":0,"1":0,"2":0,"3":0,"4":0,"5":0,"6":0,"7":0,"8":0,"9":0,"10":0},"f":{},"b":{}}
,"/Users/martinmalgor/Documents/2025-12-TPI/backend/src/config/dto/update-coverage-zone.dto.ts": {"path":"/Users/martinmalgor/Documents/2025-12-TPI/backend/src/config/dto/update-coverage-zone.dto.ts","statementMap":{"0":{"start":{"line":1,"column":0},"end":{"line":1,"column":46}},"1":{"start":{"line":2,"column":0},"end":{"line":2,"column":67}},"2":{"start":{"line":4,"column":0},"end":{"line":4,"column":13}}},"fnMap":{},"branchMap":{},"s":{"0":0,"1":0,"2":0},"f":{},"b":{}}
,"/Users/martinmalgor/Documents/2025-12-TPI/backend/src/config/dto/update-transport-method.dto.ts": {"path":"/Users/martinmalgor/Documents/2025-12-TPI/backend/src/config/dto/update-transport-method.dto.ts","statementMap":{"0":{"start":{"line":1,"column":0},"end":{"line":1,"column":46}},"1":{"start":{"line":2,"column":0},"end":{"line":2,"column":73}},"2":{"start":{"line":4,"column":0},"end":{"line":4,"column":13}}},"fnMap":{},"branchMap":{},"s":{"0":0,"1":0,"2":0},"f":{},"b":{}}
,"/Users/martinmalgor/Documents/2025-12-TPI/backend/src/config/services/coverage-zone.service.ts": {"path":"/Users/martinmalgor/Documents/2025-12-TPI/backend/src/config/services/coverage-zone.service.ts","statementMap":{"0":{"start":{"line":1,"column":0},"end":{"line":1,"column":71}},"1":{"start":{"line":2,"column":0},"end":{"line":2,"column":60}},"2":{"start":{"line":7,"column":32},"end":{"line":93,"column":null}},"3":{"start":{"line":8,"column":28},"end":{"line":8,"column":64}},"4":{"start":{"line":10,"column":31},"end":{"line":10,"column":39}},"5":{"start":{"line":16,"column":4},"end":{"line":16,"column":63}},"6":{"start":{"line":17,"column":4},"end":{"line":19,"column":7}},"7":{"start":{"line":26,"column":4},"end":{"line":26,"column":66}},"8":{"start":{"line":27,"column":17},"end":{"line":29,"column":6}},"9":{"start":{"line":31,"column":4},"end":{"line":33,"column":5}},"10":{"start":{"line":32,"column":6},"end":{"line":32,"column":82}},"11":{"start":{"line":35,"column":4},"end":{"line":35,"column":16}},"12":{"start":{"line":42,"column":4},"end":{"line":42,"column":85}},"13":{"start":{"line":43,"column":4},"end":{"line":50,"column":7}},"14":{"start":{"line":57,"column":4},"end":{"line":57,"column":86}},"15":{"start":{"line":59,"column":4},"end":{"line":61,"column":7}},"16":{"start":{"line":68,"column":4},"end":{"line":68,"column":68}},"17":{"start":{"line":71,"column":4},"end":{"line":71,"column":27}},"18":{"start":{"line":73,"column":4},"end":{"line":76,"column":7}},"19":{"start":{"line":83,"column":4},"end":{"line":83,"column":68}},"20":{"start":{"line":86,"column":4},"end":{"line":86,"column":27}},"21":{"start":{"line":88,"column":4},"end":{"line":91,"column":7}},"22":{"start":{"line":7,"column":13},"end":{"line":7,"column":32}},"23":{"start":{"line":7,"column":13},"end":{"line":93,"column":null}}},"fnMap":{"0":{"name":"(anonymous_2)","decl":{"start":{"line":10,"column":2},"end":{"line":10,"column":31}},"loc":{"start":{"line":10,"column":52},"end":{"line":10,"column":56}}},"1":{"name":"(anonymous_3)","decl":{"start":{"line":15,"column":2},"end":{"line":15,"column":7}},"loc":{"start":{"line":15,"column":15},"end":{"line":20,"column":3}}},"2":{"name":"(anonymous_4)","decl":{"start":{"line":25,"column":2},"end":{"line":25,"column":7}},"loc":{"start":{"line":25,"column":26},"end":{"line":36,"column":3}}},"3":{"name":"(anonymous_5)","decl":{"start":{"line":41,"column":2},"end":{"line":41,"column":7}},"loc":{"start":{"line":41,"column":43},"end":{"line":51,"column":3}}},"4":{"name":"(anonymous_6)","decl":{"start":{"line":56,"column":2},"end":{"line":56,"column":7}},"loc":{"start":{"line":56,"column":59},"end":{"line":62,"column":3}}},"5":{"name":"(anonymous_7)","decl":{"start":{"line":67,"column":2},"end":{"line":67,"column":7}},"loc":{"start":{"line":67,"column":71},"end":{"line":77,"column":3}}},"6":{"name":"(anonymous_8)","decl":{"start":{"line":82,"column":2},"end":{"line":82,"column":7}},"loc":{"start":{"line":82,"column":25},"end":{"line":92,"column":3}}}},"branchMap":{"0":{"loc":{"start":{"line":31,"column":4},"end":{"line":33,"column":5}},"type":"if","locations":[{"start":{"line":31,"column":4},"end":{"line":33,"column":5}},{"start":{},"end":{}}]},"1":{"loc":{"start":{"line":10,"column":39},"end":{"line":10,"column":55}},"type":"cond-expr","locations":[{"start":{"line":10,"column":52},"end":{"line":10,"column":55}},{"start":{"line":10,"column":52},"end":{"line":10,"column":55}}]},"2":{"loc":{"start":{"line":10,"column":39},"end":{"line":10,"column":52}},"type":"binary-expr","locations":[{"start":{"line":10,"column":39},"end":{"line":10,"column":55}},{"start":{"line":10,"column":39},"end":{"line":10,"column":52}}]}},"s":{"0":1,"1":1,"2":1,"3":11,"4":11,"5":1,"6":1,"7":6,"8":6,"9":6,"10":3,"11":3,"12":2,"13":2,"14":1,"15":1,"16":2,"17":2,"18":1,"19":2,"20":2,"21":1,"22":1,"23":1},"f":{"0":11,"1":1,"2":6,"3":2,"4":1,"5":2,"6":2},"b":{"0":[3,3],"1":[1,0],"2":[1,1]}}
,"/Users/martinmalgor/Documents/2025-12-TPI/backend/src/config/services/transport-method.service.ts": {"path":"/Users/martinmalgor/Documents/2025-12-TPI/backend/src/config/services/transport-method.service.ts","statementMap":{"0":{"start":{"line":1,"column":0},"end":{"line":1,"column":90}},"1":{"start":{"line":2,"column":0},"end":{"line":2,"column":60}},"2":{"start":{"line":7,"column":35},"end":{"line":129,"column":null}},"3":{"start":{"line":8,"column":28},"end":{"line":8,"column":67}},"4":{"start":{"line":10,"column":31},"end":{"line":10,"column":39}},"5":{"start":{"line":16,"column":4},"end":{"line":16,"column":66}},"6":{"start":{"line":17,"column":4},"end":{"line":24,"column":7}},"7":{"start":{"line":31,"column":4},"end":{"line":31,"column":69}},"8":{"start":{"line":32,"column":28},"end":{"line":39,"column":6}},"9":{"start":{"line":41,"column":4},"end":{"line":43,"column":5}},"10":{"start":{"line":42,"column":6},"end":{"line":42,"column":85}},"11":{"start":{"line":45,"column":4},"end":{"line":45,"column":27}},"12":{"start":{"line":52,"column":4},"end":{"line":52,"column":75}},"13":{"start":{"line":53,"column":28},"end":{"line":60,"column":6}},"14":{"start":{"line":62,"column":4},"end":{"line":64,"column":5}},"15":{"start":{"line":63,"column":6},"end":{"line":63,"column":91}},"16":{"start":{"line":66,"column":4},"end":{"line":66,"column":27}},"17":{"start":{"line":73,"column":4},"end":{"line":73,"column":92}},"18":{"start":{"line":76,"column":21},"end":{"line":78,"column":6}},"19":{"start":{"line":80,"column":4},"end":{"line":82,"column":5}},"20":{"start":{"line":81,"column":6},"end":{"line":81,"column":118}},"21":{"start":{"line":84,"column":4},"end":{"line":86,"column":7}},"22":{"start":{"line":93,"column":4},"end":{"line":93,"column":71}},"23":{"start":{"line":96,"column":4},"end":{"line":96,"column":27}},"24":{"start":{"line":99,"column":4},"end":{"line":107,"column":5}},"25":{"start":{"line":100,"column":23},"end":{"line":102,"column":8}},"26":{"start":{"line":104,"column":6},"end":{"line":106,"column":7}},"27":{"start":{"line":105,"column":8},"end":{"line":105,"column":120}},"28":{"start":{"line":109,"column":4},"end":{"line":112,"column":7}},"29":{"start":{"line":119,"column":4},"end":{"line":119,"column":71}},"30":{"start":{"line":122,"column":4},"end":{"line":122,"column":27}},"31":{"start":{"line":124,"column":4},"end":{"line":127,"column":7}},"32":{"start":{"line":7,"column":13},"end":{"line":7,"column":35}},"33":{"start":{"line":7,"column":13},"end":{"line":129,"column":null}}},"fnMap":{"0":{"name":"(anonymous_2)","decl":{"start":{"line":10,"column":2},"end":{"line":10,"column":31}},"loc":{"start":{"line":10,"column":52},"end":{"line":10,"column":56}}},"1":{"name":"(anonymous_3)","decl":{"start":{"line":15,"column":2},"end":{"line":15,"column":7}},"loc":{"start":{"line":15,"column":15},"end":{"line":25,"column":3}}},"2":{"name":"(anonymous_4)","decl":{"start":{"line":30,"column":2},"end":{"line":30,"column":7}},"loc":{"start":{"line":30,"column":26},"end":{"line":46,"column":3}}},"3":{"name":"(anonymous_5)","decl":{"start":{"line":51,"column":2},"end":{"line":51,"column":7}},"loc":{"start":{"line":51,"column":31},"end":{"line":67,"column":3}}},"4":{"name":"(anonymous_6)","decl":{"start":{"line":72,"column":2},"end":{"line":72,"column":7}},"loc":{"start":{"line":72,"column":65},"end":{"line":87,"column":3}}},"5":{"name":"(anonymous_7)","decl":{"start":{"line":92,"column":2},"end":{"line":92,"column":7}},"loc":{"start":{"line":92,"column":77},"end":{"line":113,"column":3}}},"6":{"name":"(anonymous_8)","decl":{"start":{"line":118,"column":2},"end":{"line":118,"column":7}},"loc":{"start":{"line":118,"column":25},"end":{"line":128,"column":3}}}},"branchMap":{"0":{"loc":{"start":{"line":41,"column":4},"end":{"line":43,"column":5}},"type":"if","locations":[{"start":{"line":41,"column":4},"end":{"line":43,"column":5}},{"start":{},"end":{}}]},"1":{"loc":{"start":{"line":62,"column":4},"end":{"line":64,"column":5}},"type":"if","locations":[{"start":{"line":62,"column":4},"end":{"line":64,"column":5}},{"start":{},"end":{}}]},"2":{"loc":{"start":{"line":80,"column":4},"end":{"line":82,"column":5}},"type":"if","locations":[{"start":{"line":80,"column":4},"end":{"line":82,"column":5}},{"start":{},"end":{}}]},"3":{"loc":{"start":{"line":99,"column":4},"end":{"line":107,"column":5}},"type":"if","locations":[{"start":{"line":99,"column":4},"end":{"line":107,"column":5}},{"start":{},"end":{}}]},"4":{"loc":{"start":{"line":104,"column":6},"end":{"line":106,"column":7}},"type":"if","locations":[{"start":{"line":104,"column":6},"end":{"line":106,"column":7}},{"start":{},"end":{}}]},"5":{"loc":{"start":{"line":104,"column":10},"end":{"line":104,"column":40}},"type":"binary-expr","locations":[{"start":{"line":104,"column":10},"end":{"line":104,"column":18}},{"start":{"line":104,"column":22},"end":{"line":104,"column":40}}]},"6":{"loc":{"start":{"line":10,"column":39},"end":{"line":10,"column":55}},"type":"cond-expr","locations":[{"start":{"line":10,"column":52},"end":{"line":10,"column":55}},{"start":{"line":10,"column":52},"end":{"line":10,"column":55}}]},"7":{"loc":{"start":{"line":10,"column":39},"end":{"line":10,"column":52}},"type":"binary-expr","locations":[{"start":{"line":10,"column":39},"end":{"line":10,"column":55}},{"start":{"line":10,"column":39},"end":{"line":10,"column":52}}]}},"s":{"0":1,"1":1,"2":1,"3":13,"4":13,"5":1,"6":1,"7":7,"8":7,"9":7,"10":3,"11":4,"12":2,"13":2,"14":2,"15":1,"16":1,"17":2,"18":2,"19":2,"20":1,"21":1,"22":3,"23":3,"24":2,"25":1,"26":1,"27":1,"28":1,"29":2,"30":2,"31":1,"32":1,"33":1},"f":{"0":13,"1":1,"2":7,"3":2,"4":2,"5":3,"6":2},"b":{"0":[3,4],"1":[1,1],"2":[1,1],"3":[1,1],"4":[1,0],"5":[1,1],"6":[1,0],"7":[1,1]}}
,"/Users/martinmalgor/Documents/2025-12-TPI/backend/src/modules/shipping/shipping.controller.ts": {"path":"/Users/martinmalgor/Documents/2025-12-TPI/backend/src/modules/shipping/shipping.controller.ts","statementMap":{"0":{"start":{"line":1,"column":0},"end":{"line":1,"column":null}},"1":{"start":{"line":11,"column":0},"end":{"line":11,"column":89}},"2":{"start":{"line":12,"column":0},"end":{"line":12,"column":53}},"3":{"start":{"line":13,"column":0},"end":{"line":13,"column":null}},"4":{"start":{"line":17,"column":0},"end":{"line":17,"column":null}},"5":{"start":{"line":21,"column":0},"end":{"line":21,"column":null}},"6":{"start":{"line":29,"column":7},"end":{"line":154,"column":null}},"7":{"start":{"line":30,"column":31},"end":{"line":30,"column":48}},"8":{"start":{"line":50,"column":4},"end":{"line":50,"column":52}},"9":{"start":{"line":71,"column":4},"end":{"line":71,"column":53}},"10":{"start":{"line":98,"column":4},"end":{"line":105,"column":7}},"11":{"start":{"line":126,"column":4},"end":{"line":126,"column":54}},"12":{"start":{"line":152,"column":4},"end":{"line":152,"column":51}},"13":{"start":{"line":29,"column":13},"end":{"line":29,"column":31}},"14":{"start":{"line":47,"column":8},"end":{"line":51,"column":null}},"15":{"start":{"line":68,"column":8},"end":{"line":72,"column":null}},"16":{"start":{"line":90,"column":8},"end":{"line":106,"column":null}},"17":{"start":{"line":123,"column":8},"end":{"line":127,"column":null}},"18":{"start":{"line":149,"column":8},"end":{"line":153,"column":null}},"19":{"start":{"line":29,"column":13},"end":{"line":154,"column":null}}},"fnMap":{"0":{"name":"(anonymous_4)","decl":{"start":{"line":30,"column":2},"end":{"line":30,"column":31}},"loc":{"start":{"line":30,"column":63},"end":{"line":30,"column":67}}},"1":{"name":"(anonymous_5)","decl":{"start":{"line":47,"column":8},"end":{"line":47,"column":21}},"loc":{"start":{"line":48,"column":41},"end":{"line":51,"column":3}}},"2":{"name":"(anonymous_6)","decl":{"start":{"line":68,"column":8},"end":{"line":68,"column":22}},"loc":{"start":{"line":69,"column":42},"end":{"line":72,"column":3}}},"3":{"name":"(anonymous_7)","decl":{"start":{"line":90,"column":8},"end":{"line":90,"column":21}},"loc":{"start":{"line":96,"column":38},"end":{"line":106,"column":3}}},"4":{"name":"(anonymous_8)","decl":{"start":{"line":123,"column":8},"end":{"line":123,"column":25}},"loc":{"start":{"line":124,"column":27},"end":{"line":127,"column":3}}},"5":{"name":"(anonymous_9)","decl":{"start":{"line":149,"column":8},"end":{"line":149,"column":22}},"loc":{"start":{"line":150,"column":27},"end":{"line":153,"column":3}}}},"branchMap":{"0":{"loc":{"start":{"line":95,"column":19},"end":{"line":95,"column":35}},"type":"default-arg","locations":[{"start":{"line":95,"column":34},"end":{"line":95,"column":35}}]},"1":{"loc":{"start":{"line":96,"column":20},"end":{"line":96,"column":38}},"type":"default-arg","locations":[{"start":{"line":96,"column":36},"end":{"line":96,"column":38}}]},"2":{"loc":{"start":{"line":48,"column":18},"end":{"line":48,"column":null}},"type":"cond-expr","locations":[{"start":{"line":48,"column":41},"end":{"line":48,"column":null}},{"start":{"line":48,"column":41},"end":{"line":48,"column":null}}]},"3":{"loc":{"start":{"line":48,"column":18},"end":{"line":48,"column":41}},"type":"binary-expr","locations":[{"start":{"line":48,"column":18},"end":{"line":48,"column":null}},{"start":{"line":48,"column":18},"end":{"line":48,"column":41}}]},"4":{"loc":{"start":{"line":49,"column":5},"end":{"line":49,"column":null}},"type":"cond-expr","locations":[{"start":{"line":49,"column":12},"end":{"line":49,"column":null}},{"start":{"line":49,"column":12},"end":{"line":49,"column":null}}]},"5":{"loc":{"start":{"line":49,"column":5},"end":{"line":49,"column":12}},"type":"binary-expr","locations":[{"start":{"line":49,"column":5},"end":{"line":49,"column":null}},{"start":{"line":49,"column":5},"end":{"line":49,"column":12}}]},"6":{"loc":{"start":{"line":69,"column":18},"end":{"line":69,"column":null}},"type":"cond-expr","locations":[{"start":{"line":69,"column":42},"end":{"line":69,"column":null}},{"start":{"line":69,"column":42},"end":{"line":69,"column":null}}]},"7":{"loc":{"start":{"line":69,"column":18},"end":{"line":69,"column":42}},"type":"binary-expr","locations":[{"start":{"line":69,"column":18},"end":{"line":69,"column":null}},{"start":{"line":69,"column":18},"end":{"line":69,"column":42}}]},"8":{"loc":{"start":{"line":70,"column":5},"end":{"line":70,"column":null}},"type":"cond-expr","locations":[{"start":{"line":70,"column":12},"end":{"line":70,"column":null}},{"start":{"line":70,"column":12},"end":{"line":70,"column":null}}]},"9":{"loc":{"start":{"line":70,"column":5},"end":{"line":70,"column":12}},"type":"binary-expr","locations":[{"start":{"line":70,"column":5},"end":{"line":70,"column":null}},{"start":{"line":70,"column":5},"end":{"line":70,"column":12}}]},"10":{"loc":{"start":{"line":97,"column":5},"end":{"line":97,"column":null}},"type":"cond-expr","locations":[{"start":{"line":97,"column":12},"end":{"line":97,"column":null}},{"start":{"line":97,"column":12},"end":{"line":97,"column":null}}]},"11":{"loc":{"start":{"line":97,"column":5},"end":{"line":97,"column":12}},"type":"binary-expr","locations":[{"start":{"line":97,"column":5},"end":{"line":97,"column":null}},{"start":{"line":97,"column":5},"end":{"line":97,"column":12}}]},"12":{"loc":{"start":{"line":125,"column":5},"end":{"line":125,"column":null}},"type":"cond-expr","locations":[{"start":{"line":125,"column":12},"end":{"line":125,"column":null}},{"start":{"line":125,"column":12},"end":{"line":125,"column":null}}]},"13":{"loc":{"start":{"line":125,"column":5},"end":{"line":125,"column":12}},"type":"binary-expr","locations":[{"start":{"line":125,"column":5},"end":{"line":125,"column":null}},{"start":{"line":125,"column":5},"end":{"line":125,"column":12}}]},"14":{"loc":{"start":{"line":151,"column":5},"end":{"line":151,"column":null}},"type":"cond-expr","locations":[{"start":{"line":151,"column":12},"end":{"line":151,"column":null}},{"start":{"line":151,"column":12},"end":{"line":151,"column":null}}]},"15":{"loc":{"start":{"line":151,"column":5},"end":{"line":151,"column":12}},"type":"binary-expr","locations":[{"start":{"line":151,"column":5},"end":{"line":151,"column":null}},{"start":{"line":151,"column":5},"end":{"line":151,"column":12}}]},"16":{"loc":{"start":{"line":30,"column":48},"end":{"line":30,"column":66}},"type":"cond-expr","locations":[{"start":{"line":30,"column":63},"end":{"line":30,"column":66}},{"start":{"line":30,"column":63},"end":{"line":30,"column":66}}]},"17":{"loc":{"start":{"line":30,"column":48},"end":{"line":30,"column":63}},"type":"binary-expr","locations":[{"start":{"line":30,"column":48},"end":{"line":30,"column":66}},{"start":{"line":30,"column":48},"end":{"line":30,"column":63}}]}},"s":{"0":0,"1":0,"2":0,"3":0,"4":0,"5":0,"6":0,"7":0,"8":0,"9":0,"10":0,"11":0,"12":0,"13":0,"14":0,"15":0,"16":0,"17":0,"18":0,"19":0},"f":{"0":0,"1":0,"2":0,"3":0,"4":0,"5":0},"b":{"0":[0],"1":[0],"2":[0,0],"3":[0,0],"4":[0,0],"5":[0,0],"6":[0,0],"7":[0,0],"8":[0,0],"9":[0,0],"10":[0,0],"11":[0,0],"12":[0,0],"13":[0,0],"14":[0,0],"15":[0,0],"16":[0,0],"17":[0,0]}}
,"/Users/martinmalgor/Documents/2025-12-TPI/backend/src/modules/shipping/shipping.module.ts": {"path":"/Users/martinmalgor/Documents/2025-12-TPI/backend/src/modules/shipping/shipping.module.ts","statementMap":{"0":{"start":{"line":1,"column":0},"end":{"line":1,"column":40}},"1":{"start":{"line":2,"column":0},"end":{"line":2,"column":59}},"2":{"start":{"line":3,"column":0},"end":{"line":3,"column":53}},"3":{"start":{"line":4,"column":0},"end":{"line":4,"column":74}},"4":{"start":{"line":12,"column":7},"end":{"line":12,"column":null}},"5":{"start":{"line":12,"column":13},"end":{"line":12,"column":27}},"6":{"start":{"line":12,"column":13},"end":{"line":12,"column":null}}},"fnMap":{},"branchMap":{},"s":{"0":0,"1":0,"2":0,"3":0,"4":0,"5":0,"6":0},"f":{},"b":{}}
,"/Users/martinmalgor/Documents/2025-12-TPI/backend/src/modules/shipping/shipping.service.ts": {"path":"/Users/martinmalgor/Documents/2025-12-TPI/backend/src/modules/shipping/shipping.service.ts","statementMap":{"0":{"start":{"line":1,"column":0},"end":{"line":1,"column":84}},"1":{"start":{"line":2,"column":0},"end":{"line":2,"column":74}},"2":{"start":{"line":18,"column":7},"end":{"line":329,"column":null}},"3":{"start":{"line":20,"column":12},"end":{"line":20,"column":22}},"4":{"start":{"line":24,"column":33},"end":{"line":24,"column":35}},"5":{"start":{"line":25,"column":19},"end":{"line":25,"column":20}},"6":{"start":{"line":31,"column":23},"end":{"line":31,"column":50}},"7":{"start":{"line":31,"column":45},"end":{"line":31,"column":49}},"8":{"start":{"line":32,"column":22},"end":{"line":32,"column":66}},"9":{"start":{"line":35,"column":22},"end":{"line":35,"column":23}},"10":{"start":{"line":36,"column":57},"end":{"line":36,"column":59}},"11":{"start":{"line":38,"column":4},"end":{"line":53,"column":5}},"12":{"start":{"line":38,"column":17},"end":{"line":38,"column":18}},"13":{"start":{"line":39,"column":22},"end":{"line":39,"column":37}},"14":{"start":{"line":40,"column":20},"end":{"line":40,"column":60}},"15":{"start":{"line":40,"column":40},"end":{"line":40,"column":59}},"16":{"start":{"line":42,"column":6},"end":{"line":44,"column":7}},"17":{"start":{"line":43,"column":8},"end":{"line":43,"column":93}},"18":{"start":{"line":46,"column":28},"end":{"line":46,"column":59}},"19":{"start":{"line":47,"column":6},"end":{"line":47,"column":35}},"20":{"start":{"line":49,"column":6},"end":{"line":52,"column":9}},"21":{"start":{"line":56,"column":25},"end":{"line":59,"column":6}},"22":{"start":{"line":62,"column":25},"end":{"line":66,"column":6}},"23":{"start":{"line":69,"column":25},"end":{"line":69,"column":73}},"24":{"start":{"line":69,"column":57},"end":{"line":69,"column":69}},"25":{"start":{"line":70,"column":22},"end":{"line":70,"column":60}},"26":{"start":{"line":72,"column":4},"end":{"line":83,"column":6}},"27":{"start":{"line":90,"column":23},"end":{"line":90,"column":50}},"28":{"start":{"line":90,"column":45},"end":{"line":90,"column":49}},"29":{"start":{"line":91,"column":22},"end":{"line":91,"column":66}},"30":{"start":{"line":93,"column":4},"end":{"line":97,"column":5}},"31":{"start":{"line":94,"column":6},"end":{"line":96,"column":7}},"32":{"start":{"line":95,"column":8},"end":{"line":95,"column":75}},"33":{"start":{"line":100,"column":22},"end":{"line":100,"column":23}},"34":{"start":{"line":101,"column":4},"end":{"line":107,"column":5}},"35":{"start":{"line":101,"column":17},"end":{"line":101,"column":18}},"36":{"start":{"line":102,"column":22},"end":{"line":102,"column":37}},"37":{"start":{"line":103,"column":20},"end":{"line":103,"column":60}},"38":{"start":{"line":103,"column":40},"end":{"line":103,"column":59}},"39":{"start":{"line":104,"column":6},"end":{"line":106,"column":7}},"40":{"start":{"line":105,"column":8},"end":{"line":105,"column":55}},"41":{"start":{"line":109,"column":25},"end":{"line":111,"column":null}},"42":{"start":{"line":114,"column":25},"end":{"line":117,"column":null}},"43":{"start":{"line":120,"column":25},"end":{"line":126,"column":9}},"44":{"start":{"line":121,"column":22},"end":{"line":121,"column":63}},"45":{"start":{"line":121,"column":45},"end":{"line":121,"column":62}},"46":{"start":{"line":122,"column":6},"end":{"line":124,"column":7}},"47":{"start":{"line":123,"column":8},"end":{"line":123,"column":54}},"48":{"start":{"line":125,"column":6},"end":{"line":125,"column":17}},"49":{"start":{"line":128,"column":22},"end":{"line":128,"column":60}},"50":{"start":{"line":131,"column":27},"end":{"line":131,"column":65}},"51":{"start":{"line":134,"column":25},"end":{"line":136,"column":null}},"52":{"start":{"line":139,"column":30},"end":{"line":139,"column":40}},"53":{"start":{"line":140,"column":4},"end":{"line":140,"column":74}},"54":{"start":{"line":143,"column":21},"end":{"line":169,"column":6}},"55":{"start":{"line":160,"column":39},"end":{"line":163,"column":8}},"56":{"start":{"line":172,"column":4},"end":{"line":172,"column":38}},"57":{"start":{"line":174,"column":4},"end":{"line":180,"column":6}},"58":{"start":{"line":191,"column":62},"end":{"line":191,"column":69}},"59":{"start":{"line":194,"column":28},"end":{"line":194,"column":46}},"60":{"start":{"line":196,"column":4},"end":{"line":198,"column":5}},"61":{"start":{"line":197,"column":6},"end":{"line":197,"column":77}},"62":{"start":{"line":197,"column":56},"end":{"line":197,"column":75}},"63":{"start":{"line":199,"column":4},"end":{"line":201,"column":5}},"64":{"start":{"line":200,"column":6},"end":{"line":200,"column":105}},"65":{"start":{"line":200,"column":56},"end":{"line":200,"column":103}},"66":{"start":{"line":202,"column":4},"end":{"line":205,"column":5}},"67":{"start":{"line":203,"column":26},"end":{"line":203,"column":44}},"68":{"start":{"line":204,"column":6},"end":{"line":204,"column":84}},"69":{"start":{"line":204,"column":56},"end":{"line":204,"column":82}},"70":{"start":{"line":206,"column":4},"end":{"line":209,"column":5}},"71":{"start":{"line":207,"column":24},"end":{"line":207,"column":40}},"72":{"start":{"line":208,"column":6},"end":{"line":208,"column":82}},"73":{"start":{"line":208,"column":56},"end":{"line":208,"column":80}},"74":{"start":{"line":212,"column":4},"end":{"line":213,"column":69}},"75":{"start":{"line":213,"column":22},"end":{"line":213,"column":67}},"76":{"start":{"line":215,"column":18},"end":{"line":215,"column":42}},"77":{"start":{"line":216,"column":17},"end":{"line":216,"column":35}},"78":{"start":{"line":217,"column":22},"end":{"line":217,"column":65}},"79":{"start":{"line":219,"column":4},"end":{"line":239,"column":6}},"80":{"start":{"line":220,"column":39},"end":{"line":232,"column":8}},"81":{"start":{"line":224,"column":41},"end":{"line":227,"column":10}},"82":{"start":{"line":243,"column":21},"end":{"line":243,"column":62}},"83":{"start":{"line":243,"column":50},"end":{"line":243,"column":61}},"84":{"start":{"line":245,"column":4},"end":{"line":247,"column":5}},"85":{"start":{"line":246,"column":6},"end":{"line":246,"column":56}},"86":{"start":{"line":249,"column":4},"end":{"line":287,"column":6}},"87":{"start":{"line":269,"column":46},"end":{"line":272,"column":8}},"88":{"start":{"line":282,"column":40},"end":{"line":286,"column":8}},"89":{"start":{"line":291,"column":26},"end":{"line":291,"column":72}},"90":{"start":{"line":291,"column":60},"end":{"line":291,"column":71}},"91":{"start":{"line":293,"column":4},"end":{"line":295,"column":5}},"92":{"start":{"line":294,"column":6},"end":{"line":294,"column":56}},"93":{"start":{"line":297,"column":21},"end":{"line":297,"column":54}},"94":{"start":{"line":299,"column":4},"end":{"line":303,"column":5}},"95":{"start":{"line":300,"column":6},"end":{"line":302,"column":8}},"96":{"start":{"line":306,"column":20},"end":{"line":319,"column":6}},"97":{"start":{"line":321,"column":4},"end":{"line":321,"column":48}},"98":{"start":{"line":323,"column":4},"end":{"line":327,"column":6}},"99":{"start":{"line":18,"column":13},"end":{"line":18,"column":28}},"100":{"start":{"line":18,"column":13},"end":{"line":329,"column":null}}},"fnMap":{"0":{"name":"(anonymous_2)","decl":{"start":{"line":19,"column":2},"end":{"line":19,"column":null}},"loc":{"start":{"line":20,"column":37},"end":{"line":21,"column":6}}},"1":{"name":"(anonymous_3)","decl":{"start":{"line":27,"column":2},"end":{"line":27,"column":7}},"loc":{"start":{"line":28,"column":32},"end":{"line":84,"column":3}}},"2":{"name":"(anonymous_4)","decl":{"start":{"line":31,"column":40},"end":{"line":31,"column":41}},"loc":{"start":{"line":31,"column":45},"end":{"line":31,"column":49}}},"3":{"name":"(anonymous_5)","decl":{"start":{"line":40,"column":35},"end":{"line":40,"column":36}},"loc":{"start":{"line":40,"column":40},"end":{"line":40,"column":59}}},"4":{"name":"(anonymous_6)","decl":{"start":{"line":69,"column":45},"end":{"line":69,"column":46}},"loc":{"start":{"line":69,"column":57},"end":{"line":69,"column":69}}},"5":{"name":"(anonymous_7)","decl":{"start":{"line":86,"column":2},"end":{"line":86,"column":7}},"loc":{"start":{"line":87,"column":33},"end":{"line":181,"column":3}}},"6":{"name":"(anonymous_8)","decl":{"start":{"line":90,"column":40},"end":{"line":90,"column":41}},"loc":{"start":{"line":90,"column":45},"end":{"line":90,"column":49}}},"7":{"name":"(anonymous_9)","decl":{"start":{"line":103,"column":35},"end":{"line":103,"column":36}},"loc":{"start":{"line":103,"column":40},"end":{"line":103,"column":59}}},"8":{"name":"(anonymous_10)","decl":{"start":{"line":120,"column":42},"end":{"line":120,"column":43}},"loc":{"start":{"line":120,"column":57},"end":{"line":126,"column":5}}},"9":{"name":"(anonymous_11)","decl":{"start":{"line":121,"column":40},"end":{"line":121,"column":41}},"loc":{"start":{"line":121,"column":45},"end":{"line":121,"column":62}}},"10":{"name":"(anonymous_12)","decl":{"start":{"line":160,"column":33},"end":{"line":160,"column":34}},"loc":{"start":{"line":160,"column":39},"end":{"line":163,"column":8}}},"11":{"name":"(anonymous_13)","decl":{"start":{"line":183,"column":2},"end":{"line":183,"column":7}},"loc":{"start":{"line":190,"column":3},"end":{"line":240,"column":3}}},"12":{"name":"(anonymous_14)","decl":{"start":{"line":197,"column":51},"end":{"line":197,"column":52}},"loc":{"start":{"line":197,"column":56},"end":{"line":197,"column":75}}},"13":{"name":"(anonymous_15)","decl":{"start":{"line":200,"column":51},"end":{"line":200,"column":52}},"loc":{"start":{"line":200,"column":56},"end":{"line":200,"column":103}}},"14":{"name":"(anonymous_16)","decl":{"start":{"line":204,"column":51},"end":{"line":204,"column":52}},"loc":{"start":{"line":204,"column":56},"end":{"line":204,"column":82}}},"15":{"name":"(anonymous_17)","decl":{"start":{"line":208,"column":51},"end":{"line":208,"column":52}},"loc":{"start":{"line":208,"column":56},"end":{"line":208,"column":80}}},"16":{"name":"(anonymous_18)","decl":{"start":{"line":213,"column":12},"end":{"line":213,"column":13}},"loc":{"start":{"line":213,"column":22},"end":{"line":213,"column":67}}},"17":{"name":"(anonymous_19)","decl":{"start":{"line":220,"column":31},"end":{"line":220,"column":32}},"loc":{"start":{"line":220,"column":39},"end":{"line":232,"column":8}}},"18":{"name":"(anonymous_20)","decl":{"start":{"line":224,"column":33},"end":{"line":224,"column":34}},"loc":{"start":{"line":224,"column":41},"end":{"line":227,"column":10}}},"19":{"name":"(anonymous_21)","decl":{"start":{"line":242,"column":2},"end":{"line":242,"column":7}},"loc":{"start":{"line":242,"column":36},"end":{"line":288,"column":3}}},"20":{"name":"(anonymous_22)","decl":{"start":{"line":243,"column":45},"end":{"line":243,"column":46}},"loc":{"start":{"line":243,"column":50},"end":{"line":243,"column":61}}},"21":{"name":"(anonymous_23)","decl":{"start":{"line":269,"column":38},"end":{"line":269,"column":39}},"loc":{"start":{"line":269,"column":46},"end":{"line":272,"column":8}}},"22":{"name":"(anonymous_24)","decl":{"start":{"line":282,"column":30},"end":{"line":282,"column":31}},"loc":{"start":{"line":282,"column":40},"end":{"line":286,"column":8}}},"23":{"name":"(anonymous_25)","decl":{"start":{"line":290,"column":2},"end":{"line":290,"column":7}},"loc":{"start":{"line":290,"column":33},"end":{"line":328,"column":3}}},"24":{"name":"(anonymous_26)","decl":{"start":{"line":291,"column":55},"end":{"line":291,"column":56}},"loc":{"start":{"line":291,"column":60},"end":{"line":291,"column":71}}}},"branchMap":{"0":{"loc":{"start":{"line":42,"column":6},"end":{"line":44,"column":7}},"type":"if","locations":[{"start":{"line":42,"column":6},"end":{"line":44,"column":7}},{"start":{},"end":{}}]},"1":{"loc":{"start":{"line":42,"column":10},"end":{"line":42,"column":69}},"type":"binary-expr","locations":[{"start":{"line":42,"column":10},"end":{"line":42,"column":16}},{"start":{"line":42,"column":20},"end":{"line":42,"column":36}},{"start":{"line":42,"column":40},"end":{"line":42,"column":53}},{"start":{"line":42,"column":57},"end":{"line":42,"column":69}}]},"2":{"loc":{"start":{"line":94,"column":6},"end":{"line":96,"column":7}},"type":"if","locations":[{"start":{"line":94,"column":6},"end":{"line":96,"column":7}},{"start":{},"end":{}}]},"3":{"loc":{"start":{"line":104,"column":6},"end":{"line":106,"column":7}},"type":"if","locations":[{"start":{"line":104,"column":6},"end":{"line":106,"column":7}},{"start":{},"end":{}}]},"4":{"loc":{"start":{"line":104,"column":10},"end":{"line":104,"column":31}},"type":"binary-expr","locations":[{"start":{"line":104,"column":10},"end":{"line":104,"column":15}},{"start":{"line":104,"column":19},"end":{"line":104,"column":31}}]},"5":{"loc":{"start":{"line":122,"column":6},"end":{"line":124,"column":7}},"type":"if","locations":[{"start":{"line":122,"column":6},"end":{"line":124,"column":7}},{"start":{},"end":{}}]},"6":{"loc":{"start":{"line":122,"column":10},"end":{"line":122,"column":32}},"type":"binary-expr","locations":[{"start":{"line":122,"column":10},"end":{"line":122,"column":21}},{"start":{"line":122,"column":25},"end":{"line":122,"column":32}}]},"7":{"loc":{"start":{"line":196,"column":4},"end":{"line":198,"column":5}},"type":"if","locations":[{"start":{"line":196,"column":4},"end":{"line":198,"column":5}},{"start":{},"end":{}}]},"8":{"loc":{"start":{"line":199,"column":4},"end":{"line":201,"column":5}},"type":"if","locations":[{"start":{"line":199,"column":4},"end":{"line":201,"column":5}},{"start":{},"end":{}}]},"9":{"loc":{"start":{"line":202,"column":4},"end":{"line":205,"column":5}},"type":"if","locations":[{"start":{"line":202,"column":4},"end":{"line":205,"column":5}},{"start":{},"end":{}}]},"10":{"loc":{"start":{"line":206,"column":4},"end":{"line":209,"column":5}},"type":"if","locations":[{"start":{"line":206,"column":4},"end":{"line":209,"column":5}},{"start":{},"end":{}}]},"11":{"loc":{"start":{"line":245,"column":4},"end":{"line":247,"column":5}},"type":"if","locations":[{"start":{"line":245,"column":4},"end":{"line":247,"column":5}},{"start":{},"end":{}}]},"12":{"loc":{"start":{"line":260,"column":25},"end":{"line":268,"column":19}},"type":"cond-expr","locations":[{"start":{"line":261,"column":10},"end":{"line":267,"column":null}},{"start":{"line":268,"column":10},"end":{"line":268,"column":19}}]},"13":{"loc":{"start":{"line":275,"column":23},"end":{"line":275,"column":59}},"type":"binary-expr","locations":[{"start":{"line":275,"column":23},"end":{"line":275,"column":46}},{"start":{"line":275,"column":50},"end":{"line":275,"column":59}}]},"14":{"loc":{"start":{"line":276,"column":20},"end":{"line":276,"column":53}},"type":"binary-expr","locations":[{"start":{"line":276,"column":20},"end":{"line":276,"column":40}},{"start":{"line":276,"column":44},"end":{"line":276,"column":53}}]},"15":{"loc":{"start":{"line":293,"column":4},"end":{"line":295,"column":5}},"type":"if","locations":[{"start":{"line":293,"column":4},"end":{"line":295,"column":5}},{"start":{},"end":{}}]},"16":{"loc":{"start":{"line":299,"column":4},"end":{"line":303,"column":5}},"type":"if","locations":[{"start":{"line":299,"column":4},"end":{"line":303,"column":5}},{"start":{},"end":{}}]},"17":{"loc":{"start":{"line":20,"column":22},"end":{"line":20,"column":null}},"type":"cond-expr","locations":[{"start":{"line":20,"column":37},"end":{"line":20,"column":null}},{"start":{"line":20,"column":37},"end":{"line":20,"column":null}}]},"18":{"loc":{"start":{"line":20,"column":22},"end":{"line":20,"column":37}},"type":"binary-expr","locations":[{"start":{"line":20,"column":22},"end":{"line":20,"column":null}},{"start":{"line":20,"column":22},"end":{"line":20,"column":37}}]}},"s":{"0":0,"1":0,"2":0,"3":0,"4":0,"5":0,"6":0,"7":0,"8":0,"9":0,"10":0,"11":0,"12":0,"13":0,"14":0,"15":0,"16":0,"17":0,"18":0,"19":0,"20":0,"21":0,"22":0,"23":0,"24":0,"25":0,"26":0,"27":0,"28":0,"29":0,"30":0,"31":0,"32":0,"33":0,"34":0,"35":0,"36":0,"37":0,"38":0,"39":0,"40":0,"41":0,"42":0,"43":0,"44":0,"45":0,"46":0,"47":0,"48":0,"49":0,"50":0,"51":0,"52":0,"53":0,"54":0,"55":0,"56":0,"57":0,"58":0,"59":0,"60":0,"61":0,"62":0,"63":0,"64":0,"65":0,"66":0,"67":0,"68":0,"69":0,"70":0,"71":0,"72":0,"73":0,"74":0,"75":0,"76":0,"77":0,"78":0,"79":0,"80":0,"81":0,"82":0,"83":0,"84":0,"85":0,"86":0,"87":0,"88":0,"89":0,"90":0,"91":0,"92":0,"93":0,"94":0,"95":0,"96":0,"97":0,"98":0,"99":0,"100":0},"f":{"0":0,"1":0,"2":0,"3":0,"4":0,"5":0,"6":0,"7":0,"8":0,"9":0,"10":0,"11":0,"12":0,"13":0,"14":0,"15":0,"16":0,"17":0,"18":0,"19":0,"20":0,"21":0,"22":0,"23":0,"24":0},"b":{"0":[0,0],"1":[0,0,0,0],"2":[0,0],"3":[0,0],"4":[0,0],"5":[0,0],"6":[0,0],"7":[0,0],"8":[0,0],"9":[0,0],"10":[0,0],"11":[0,0],"12":[0,0],"13":[0,0],"14":[0,0],"15":[0,0],"16":[0,0],"17":[0,0],"18":[0,0]}}
,"/Users/martinmalgor/Documents/2025-12-TPI/backend/src/modules/shipping/dto/calculate-cost.dto.ts": {"path":"/Users/martinmalgor/Documents/2025-12-TPI/backend/src/modules/shipping/dto/calculate-cost.dto.ts","statementMap":{"0":{"start":{"line":1,"column":0},"end":{"line":1,"column":41}},"1":{"start":{"line":2,"column":0},"end":{"line":2,"column":72}},"2":{"start":{"line":3,"column":0},"end":{"line":3,"column":61}},"3":{"start":{"line":4,"column":0},"end":{"line":4,"column":76}},"4":{"start":{"line":6,"column":0},"end":{"line":6,"column":13}},"5":{"start":{"line":9,"column":2},"end":{"line":9,"column":null}},"6":{"start":{"line":8,"column":14},"end":{"line":8,"column":24}},"7":{"start":{"line":15,"column":2},"end":{"line":15,"column":null}},"8":{"start":{"line":14,"column":14},"end":{"line":14,"column":31}},"9":{"start":{"line":18,"column":0},"end":{"line":18,"column":13}},"10":{"start":{"line":23,"column":0},"end":{"line":23,"column":13}},"11":{"start":{"line":30,"column":0},"end":{"line":30,"column":13}}},"fnMap":{"0":{"name":"(anonymous_2)","decl":{"start":{"line":8,"column":8},"end":{"line":8,"column":11}},"loc":{"start":{"line":8,"column":14},"end":{"line":8,"column":24}}},"1":{"name":"(anonymous_3)","decl":{"start":{"line":14,"column":8},"end":{"line":14,"column":11}},"loc":{"start":{"line":14,"column":14},"end":{"line":14,"column":31}}}},"branchMap":{"0":{"loc":{"start":{"line":9,"column":20},"end":{"line":9,"column":31}},"type":"cond-expr","locations":[{"start":{"line":9,"column":30},"end":{"line":9,"column":31}},{"start":{"line":9,"column":30},"end":{"line":9,"column":31}}]},"1":{"loc":{"start":{"line":9,"column":20},"end":{"line":9,"column":30}},"type":"binary-expr","locations":[{"start":{"line":9,"column":20},"end":{"line":9,"column":31}},{"start":{"line":9,"column":20},"end":{"line":9,"column":30}}]}},"s":{"0":0,"1":0,"2":0,"3":0,"4":0,"5":0,"6":0,"7":0,"8":0,"9":0,"10":0,"11":0},"f":{"0":0,"1":0},"b":{"0":[0,0],"1":[0,0]}}
,"/Users/martinmalgor/Documents/2025-12-TPI/backend/src/modules/shipping/dto/create-shipping.dto.ts": {"path":"/Users/martinmalgor/Documents/2025-12-TPI/backend/src/modules/shipping/dto/create-shipping.dto.ts","statementMap":{"0":{"start":{"line":1,"column":0},"end":{"line":1,"column":41}},"1":{"start":{"line":2,"column":0},"end":{"line":2,"column":92}},"2":{"start":{"line":3,"column":0},"end":{"line":3,"column":61}},"3":{"start":{"line":4,"column":0},"end":{"line":4,"column":76}},"4":{"start":{"line":5,"column":0},"end":{"line":5,"column":74}},"5":{"start":{"line":7,"column":0},"end":{"line":7,"column":13}},"6":{"start":{"line":10,"column":2},"end":{"line":10,"column":null}},"7":{"start":{"line":14,"column":2},"end":{"line":14,"column":null}},"8":{"start":{"line":18,"column":2},"end":{"line":18,"column":null}},"9":{"start":{"line":17,"column":14},"end":{"line":17,"column":24}},"10":{"start":{"line":21,"column":2},"end":{"line":21,"column":null}},"11":{"start":{"line":27,"column":2},"end":{"line":27,"column":null}},"12":{"start":{"line":26,"column":14},"end":{"line":26,"column":31}},"13":{"start":{"line":30,"column":0},"end":{"line":30,"column":13}}},"fnMap":{"0":{"name":"(anonymous_2)","decl":{"start":{"line":17,"column":8},"end":{"line":17,"column":11}},"loc":{"start":{"line":17,"column":14},"end":{"line":17,"column":24}}},"1":{"name":"(anonymous_3)","decl":{"start":{"line":26,"column":8},"end":{"line":26,"column":11}},"loc":{"start":{"line":26,"column":14},"end":{"line":26,"column":31}}}},"branchMap":{"0":{"loc":{"start":{"line":18,"column":20},"end":{"line":18,"column":31}},"type":"cond-expr","locations":[{"start":{"line":18,"column":30},"end":{"line":18,"column":31}},{"start":{"line":18,"column":30},"end":{"line":18,"column":31}}]},"1":{"loc":{"start":{"line":18,"column":20},"end":{"line":18,"column":30}},"type":"binary-expr","locations":[{"start":{"line":18,"column":20},"end":{"line":18,"column":31}},{"start":{"line":18,"column":20},"end":{"line":18,"column":30}}]},"2":{"loc":{"start":{"line":21,"column":18},"end":{"line":21,"column":32}},"type":"cond-expr","locations":[{"start":{"line":21,"column":31},"end":{"line":21,"column":32}},{"start":{"line":21,"column":31},"end":{"line":21,"column":32}}]},"3":{"loc":{"start":{"line":21,"column":18},"end":{"line":21,"column":31}},"type":"binary-expr","locations":[{"start":{"line":21,"column":18},"end":{"line":21,"column":32}},{"start":{"line":21,"column":18},"end":{"line":21,"column":31}}]}},"s":{"0":0,"1":0,"2":0,"3":0,"4":0,"5":0,"6":0,"7":0,"8":0,"9":0,"10":0,"11":0,"12":0,"13":0},"f":{"0":0,"1":0},"b":{"0":[0,0],"1":[0,0],"2":[0,0],"3":[0,0]}}
,"/Users/martinmalgor/Documents/2025-12-TPI/backend/src/modules/shipping/dto/shipping-responses.dto.ts": {"path":"/Users/martinmalgor/Documents/2025-12-TPI/backend/src/modules/shipping/dto/shipping-responses.dto.ts","statementMap":{"0":{"start":{"line":1,"column":0},"end":{"line":1,"column":13}},"1":{"start":{"line":6,"column":0},"end":{"line":6,"column":13}},"2":{"start":{"line":12,"column":0},"end":{"line":12,"column":13}},"3":{"start":{"line":20,"column":0},"end":{"line":20,"column":13}},"4":{"start":{"line":39,"column":0},"end":{"line":39,"column":13}},"5":{"start":{"line":50,"column":0},"end":{"line":50,"column":13}},"6":{"start":{"line":57,"column":0},"end":{"line":57,"column":13}},"7":{"start":{"line":62,"column":0},"end":{"line":62,"column":13}}},"fnMap":{},"branchMap":{},"s":{"0":0,"1":0,"2":0,"3":0,"4":0,"5":0,"6":0,"7":0},"f":{},"b":{}}
,"/Users/martinmalgor/Documents/2025-12-TPI/backend/src/modules/transport-methods/transport-methods.controller.ts": {"path":"/Users/martinmalgor/Documents/2025-12-TPI/backend/src/modules/transport-methods/transport-methods.controller.ts","statementMap":{"0":{"start":{"line":1,"column":0},"end":{"line":1,"column":49}},"1":{"start":{"line":2,"column":0},"end":{"line":2,"column":69}},"2":{"start":{"line":3,"column":0},"end":{"line":3,"column":70}},"3":{"start":{"line":4,"column":0},"end":{"line":4,"column":74}},"4":{"start":{"line":8,"column":7},"end":{"line":26,"column":null}},"5":{"start":{"line":10,"column":21},"end":{"line":10,"column":46}},"6":{"start":{"line":24,"column":4},"end":{"line":24,"column":62}},"7":{"start":{"line":8,"column":13},"end":{"line":8,"column":39}},"8":{"start":{"line":23,"column":8},"end":{"line":25,"column":null}},"9":{"start":{"line":8,"column":13},"end":{"line":26,"column":null}}},"fnMap":{"0":{"name":"(anonymous_2)","decl":{"start":{"line":9,"column":2},"end":{"line":9,"column":null}},"loc":{"start":{"line":10,"column":69},"end":{"line":11,"column":6}}},"1":{"name":"(anonymous_3)","decl":{"start":{"line":23,"column":8},"end":{"line":23,"column":27}},"loc":{"start":{"line":23,"column":27},"end":{"line":25,"column":3}}}},"branchMap":{"0":{"loc":{"start":{"line":23,"column":31},"end":{"line":23,"column":null}},"type":"cond-expr","locations":[{"start":{"line":23,"column":38},"end":{"line":23,"column":null}},{"start":{"line":23,"column":38},"end":{"line":23,"column":null}}]},"1":{"loc":{"start":{"line":23,"column":31},"end":{"line":23,"column":38}},"type":"binary-expr","locations":[{"start":{"line":23,"column":31},"end":{"line":23,"column":null}},{"start":{"line":23,"column":31},"end":{"line":23,"column":38}}]},"2":{"loc":{"start":{"line":10,"column":46},"end":{"line":10,"column":null}},"type":"cond-expr","locations":[{"start":{"line":10,"column":69},"end":{"line":10,"column":null}},{"start":{"line":10,"column":69},"end":{"line":10,"column":null}}]},"3":{"loc":{"start":{"line":10,"column":46},"end":{"line":10,"column":69}},"type":"binary-expr","locations":[{"start":{"line":10,"column":46},"end":{"line":10,"column":null}},{"start":{"line":10,"column":46},"end":{"line":10,"column":69}}]}},"s":{"0":0,"1":0,"2":0,"3":0,"4":0,"5":0,"6":0,"7":0,"8":0,"9":0},"f":{"0":0,"1":0},"b":{"0":[0,0],"1":[0,0],"2":[0,0],"3":[0,0]}}
,"/Users/martinmalgor/Documents/2025-12-TPI/backend/src/modules/transport-methods/transport-methods.module.ts": {"path":"/Users/martinmalgor/Documents/2025-12-TPI/backend/src/modules/transport-methods/transport-methods.module.ts","statementMap":{"0":{"start":{"line":1,"column":0},"end":{"line":1,"column":40}},"1":{"start":{"line":2,"column":0},"end":{"line":2,"column":76}},"2":{"start":{"line":3,"column":0},"end":{"line":3,"column":70}},"3":{"start":{"line":10,"column":7},"end":{"line":10,"column":null}},"4":{"start":{"line":10,"column":13},"end":{"line":10,"column":35}},"5":{"start":{"line":10,"column":13},"end":{"line":10,"column":null}}},"fnMap":{},"branchMap":{},"s":{"0":0,"1":0,"2":0,"3":0,"4":0,"5":0},"f":{},"b":{}}
,"/Users/martinmalgor/Documents/2025-12-TPI/backend/src/modules/transport-methods/transport-methods.service.ts": {"path":"/Users/martinmalgor/Documents/2025-12-TPI/backend/src/modules/transport-methods/transport-methods.service.ts","statementMap":{"0":{"start":{"line":1,"column":0},"end":{"line":1,"column":44}},"1":{"start":{"line":5,"column":7},"end":{"line":35,"column":null}},"2":{"start":{"line":10,"column":4},"end":{"line":33,"column":6}},"3":{"start":{"line":5,"column":13},"end":{"line":5,"column":36}},"4":{"start":{"line":5,"column":13},"end":{"line":35,"column":null}}},"fnMap":{"0":{"name":"(anonymous_2)","decl":{"start":{"line":6,"column":2},"end":{"line":6,"column":17}},"loc":{"start":{"line":6,"column":2},"end":{"line":6,"column":18}}},"1":{"name":"(anonymous_3)","decl":{"start":{"line":8,"column":2},"end":{"line":8,"column":7}},"loc":{"start":{"line":8,"column":27},"end":{"line":34,"column":3}}}},"branchMap":{},"s":{"0":0,"1":0,"2":0,"3":0,"4":0},"f":{"0":0,"1":0},"b":{}}
,"/Users/martinmalgor/Documents/2025-12-TPI/backend/src/modules/transport-methods/dto/transport-methods.dto.ts": {"path":"/Users/martinmalgor/Documents/2025-12-TPI/backend/src/modules/transport-methods/dto/transport-methods.dto.ts","statementMap":{"0":{"start":{"line":1,"column":0},"end":{"line":1,"column":13}},"1":{"start":{"line":7,"column":0},"end":{"line":7,"column":13}}},"fnMap":{},"branchMap":{},"s":{"0":0,"1":0},"f":{},"b":{}}
,"/Users/martinmalgor/Documents/2025-12-TPI/backend/src/prisma/prisma.module.ts": {"path":"/Users/martinmalgor/Documents/2025-12-TPI/backend/src/prisma/prisma.module.ts","statementMap":{"0":{"start":{"line":1,"column":0},"end":{"line":1,"column":48}},"1":{"start":{"line":2,"column":0},"end":{"line":2,"column":49}},"2":{"start":{"line":9,"column":7},"end":{"line":9,"column":null}},"3":{"start":{"line":9,"column":13},"end":{"line":9,"column":25}},"4":{"start":{"line":9,"column":13},"end":{"line":9,"column":null}}},"fnMap":{},"branchMap":{},"s":{"0":0,"1":0,"2":0,"3":0,"4":0},"f":{},"b":{}}
,"/Users/martinmalgor/Documents/2025-12-TPI/backend/src/prisma/prisma.service.ts": {"path":"/Users/martinmalgor/Documents/2025-12-TPI/backend/src/prisma/prisma.service.ts","statementMap":{"0":{"start":{"line":1,"column":0},"end":{"line":1,"column":58}},"1":{"start":{"line":2,"column":0},"end":{"line":2,"column":46}},"2":{"start":{"line":5,"column":7},"end":{"line":12,"column":null}},"3":{"start":{"line":7,"column":4},"end":{"line":7,"column":26}},"4":{"start":{"line":10,"column":4},"end":{"line":10,"column":29}},"5":{"start":{"line":5,"column":13},"end":{"line":5,"column":26}},"6":{"start":{"line":5,"column":13},"end":{"line":12,"column":null}}},"fnMap":{"0":{"name":"(anonymous_1)","decl":{"start":{"line":6,"column":2},"end":{"line":6,"column":7}},"loc":{"start":{"line":6,"column":20},"end":{"line":8,"column":3}}},"1":{"name":"(anonymous_2)","decl":{"start":{"line":9,"column":2},"end":{"line":9,"column":7}},"loc":{"start":{"line":9,"column":23},"end":{"line":11,"column":3}}}},"branchMap":{},"s":{"0":2,"1":2,"2":2,"3":0,"4":0,"5":2,"6":2},"f":{"0":0,"1":0},"b":{}}
}
